[2020-06-30 10:55:59,680] - INFO: ========初始化测试环境========
[2020-06-30 10:55:59,816] - INFO: 获取设备系统版本号成功...
[2020-06-30 10:55:59,873] - INFO: 获取设备名成功...
[2020-06-30 10:55:59,921] - ERROR: 获取被测apk包的appPackage、appActivity失败：'NoneType' object has no attribute 'groups'
[2020-06-30 10:56:35,449] - INFO: ========初始化测试环境========
[2020-06-30 10:56:35,516] - INFO: 获取设备系统版本号成功...
[2020-06-30 10:56:35,568] - INFO: 获取设备名成功...
[2020-06-30 10:56:35,720] - INFO: 获取被测apk包的appPackage、appActivity成功...
[2020-06-30 10:56:35,720] - INFO: 开始更新desired_caps中的app及手机参数...
[2020-06-30 10:56:35,730] - INFO: desired_caps更新完成...
[2020-06-30 10:56:35,736] - INFO: 检查merchant_20200611_1.5.9.apk应用是否已安装...
[2020-06-30 10:56:36,040] - INFO: 应用已安装...
[2020-06-30 10:56:36,776] - INFO: -----开始执行用例：新增、编辑、删除人员-----
[2020-06-30 10:56:46,701] - INFO: 驱动app打开成功...
[2020-06-30 10:57:15,338] - ERROR: 进入首页失败：Message: An element could not be located on the page using the given search parameters.
，终止用例执行！！！
[2020-06-30 10:57:15,570] - INFO: -----开始执行用例：新增、编辑、删除人员-----
[2020-06-30 10:57:27,200] - INFO: 驱动app打开成功...
[2020-06-30 10:57:55,643] - ERROR: 进入首页失败：Message: An element could not be located on the page using the given search parameters.
，终止用例执行！！！
[2020-06-30 10:57:55,717] - INFO: -----开始执行用例：新增、编辑、删除人员-----
[2020-06-30 10:58:05,629] - INFO: 驱动app打开成功...
[2020-06-30 10:58:32,076] - INFO: 登录成功，进入首页...
[2020-06-30 10:58:32,078] - INFO: 验证删除人员
[2020-06-30 10:58:59,712] - ERROR: 获取可视元素失败：Message: 

[2020-06-30 10:59:00,312] - INFO: ========测试完成========
[2020-06-30 10:59:15,291] - INFO: ========初始化测试环境========
[2020-06-30 10:59:15,414] - INFO: 获取设备系统版本号成功...
[2020-06-30 10:59:15,471] - INFO: 获取设备名成功...
[2020-06-30 10:59:15,673] - INFO: 获取被测apk包的appPackage、appActivity成功...
[2020-06-30 10:59:15,673] - INFO: 开始更新desired_caps中的app及手机参数...
[2020-06-30 10:59:15,686] - INFO: desired_caps更新完成...
[2020-06-30 10:59:15,691] - INFO: 检查merchant_20200611_1.5.9.apk应用是否已安装...
[2020-06-30 10:59:15,999] - INFO: 应用已安装...
[2020-06-30 10:59:16,657] - INFO: -----开始执行用例：新增、编辑、删除人员-----
[2020-06-30 10:59:24,003] - INFO: 驱动app打开成功...
[2020-06-30 10:59:49,742] - INFO: 登录成功，进入首页...
[2020-06-30 10:59:49,743] - INFO: 验证新增人员
[2020-06-30 11:00:28,194] - ERROR: 获取可视元素失败：Message: 

[2020-06-30 11:00:28,327] - INFO: 验证编辑人员
[2020-06-30 11:00:56,094] - ERROR: 获取可视元素失败：Message: 

[2020-06-30 11:00:56,104] - INFO: 验证删除人员
[2020-06-30 11:01:24,118] - ERROR: 获取可视元素失败：Message: 

[2020-06-30 11:01:24,699] - INFO: ========测试完成========
[2020-06-30 11:02:54,726] - INFO: ========初始化测试环境========
[2020-06-30 11:02:54,825] - INFO: 获取设备系统版本号成功...
[2020-06-30 11:02:54,876] - INFO: 获取设备名成功...
[2020-06-30 11:02:54,946] - INFO: 获取被测apk包的appPackage、appActivity成功...
[2020-06-30 11:02:54,947] - INFO: 开始更新desired_caps中的app及手机参数...
[2020-06-30 11:02:54,958] - INFO: desired_caps更新完成...
[2020-06-30 11:02:54,963] - INFO: 检查merchant_20200611_1.5.9.apk应用是否已安装...
[2020-06-30 11:02:55,267] - INFO: 应用已安装...
[2020-06-30 11:02:55,772] - INFO: -----开始执行用例：新增、编辑、删除人员-----
[2020-06-30 11:03:03,716] - INFO: 驱动app打开成功...
[2020-06-30 11:03:30,011] - INFO: 登录成功，进入首页...
[2020-06-30 11:03:30,012] - INFO: 验证新增人员
[2020-06-30 11:03:51,900] - INFO: 验证编辑人员
[2020-06-30 11:04:00,512] - INFO: 验证删除人员
[2020-06-30 11:04:05,028] - INFO: ========测试完成========
[2020-06-30 15:31:49,991] - INFO: ========初始化测试环境========
[2020-06-30 15:31:50,204] - INFO: 获取设备系统版本号成功...
[2020-06-30 15:31:50,261] - INFO: 获取设备名成功...
[2020-06-30 15:31:50,463] - INFO: 获取被测apk包的appPackage、appActivity成功...
[2020-06-30 15:31:50,464] - INFO: 开始更新desired_caps中的app及手机参数...
[2020-06-30 15:31:50,491] - INFO: desired_caps更新完成...
[2020-06-30 15:31:50,500] - INFO: 检查merchant_20200611_1.5.9.apk应用是否已安装...
[2020-06-30 15:31:50,796] - INFO: 应用已安装...
[2020-06-30 15:31:51,568] - INFO: -----开始执行用例：新增、编辑、删除限时优惠-----
[2020-06-30 15:32:02,145] - INFO: 驱动app打开成功...
[2020-06-30 15:32:28,457] - INFO: 登录成功，进入首页...
[2020-06-30 15:32:28,459] - INFO: 验证新增限时优惠
[2020-06-30 15:33:04,592] - ERROR: 获取可视元素失败：Message: 

[2020-06-30 15:33:04,677] - INFO: 验证编辑限时优惠
[2020-06-30 15:57:17,691] - INFO: ========初始化测试环境========
[2020-06-30 15:57:17,809] - INFO: 获取设备系统版本号成功...
[2020-06-30 15:57:17,872] - INFO: 获取设备名成功...
[2020-06-30 15:57:18,078] - INFO: 获取被测apk包的appPackage、appActivity成功...
[2020-06-30 15:57:18,078] - INFO: 开始更新desired_caps中的app及手机参数...
[2020-06-30 15:57:18,110] - INFO: desired_caps更新完成...
[2020-06-30 15:57:18,125] - INFO: 检查merchant_20200611_1.5.9.apk应用是否已安装...
[2020-06-30 15:57:18,479] - INFO: 应用已安装...
[2020-06-30 15:57:19,229] - INFO: -----开始执行用例：新增、编辑、删除限时优惠-----
[2020-06-30 15:57:28,252] - INFO: 驱动app打开成功...
[2020-06-30 15:57:54,585] - INFO: 登录成功，进入首页...
[2020-06-30 15:57:54,587] - INFO: 验证新增限时优惠
[2020-06-30 15:58:25,528] - INFO: 验证编辑限时优惠
[2020-06-30 15:59:04,557] - ERROR: 获取可视元素失败：Message: 

[2020-06-30 15:59:04,676] - INFO: 验证删除限时优惠
[2020-06-30 15:59:12,261] - INFO: ========测试完成========
[2020-06-30 16:01:03,631] - INFO: ========初始化测试环境========
[2020-06-30 16:01:03,827] - INFO: 获取设备系统版本号成功...
[2020-06-30 16:01:03,959] - INFO: 获取设备名成功...
[2020-06-30 16:01:04,023] - INFO: 获取被测apk包的appPackage、appActivity成功...
[2020-06-30 16:01:04,024] - INFO: 开始更新desired_caps中的app及手机参数...
[2020-06-30 16:01:04,035] - INFO: desired_caps更新完成...
[2020-06-30 16:01:04,044] - INFO: 检查merchant_20200611_1.5.9.apk应用是否已安装...
[2020-06-30 16:01:04,387] - INFO: 应用已安装...
[2020-06-30 16:01:04,990] - INFO: -----开始执行用例：新增、编辑、删除限时优惠-----
[2020-06-30 16:01:12,329] - INFO: 驱动app打开成功...
[2020-06-30 16:01:38,024] - INFO: 登录成功，进入首页...
[2020-06-30 16:01:38,025] - INFO: 验证新增限时优惠
[2020-06-30 16:02:08,630] - INFO: 验证编辑限时优惠
[2020-06-30 16:02:20,085] - INFO: 验证删除限时优惠
[2020-06-30 16:02:27,349] - INFO: ========测试完成========
