[2020-07-22 10:17:01,772] - ERROR: Appium服务未开启！！！
[2020-07-22 10:18:40,145] - ERROR: Appium服务未开启！！！
[2020-07-22 10:18:53,497] - ERROR: Appium服务未开启！！！
[2020-07-22 10:21:04,383] - INFO: ========初始化测试环境========
[2020-07-22 10:21:04,645] - INFO: 获取设备系统版本号成功...
[2020-07-22 10:21:04,703] - INFO: 获取设备名成功...
[2020-07-22 10:21:04,961] - INFO: 获取被测apk包的appPackage、appActivity成功...
[2020-07-22 10:21:04,962] - INFO: 开始更新desired_caps中的app及手机参数...
[2020-07-22 10:21:04,973] - INFO: desired_caps更新完成...
[2020-07-22 10:21:04,978] - INFO: 检查merchant_20200707_1.6.1.apk应用是否已安装...
[2020-07-22 10:21:05,281] - INFO: 应用已安装...
[2020-07-22 10:21:06,118] - INFO: -----开始执行用例：新增、编辑、高级设置、删除浴位设备-----
[2020-07-22 10:21:11,133] - ERROR: Appium服务未开启！！！
[2020-07-22 10:23:11,766] - INFO: 驱动app打开成功...
[2020-07-22 10:26:43,763] - INFO: ========初始化测试环境========
[2020-07-22 10:26:44,006] - INFO: 获取设备系统版本号成功...
[2020-07-22 10:26:44,076] - INFO: 获取设备名成功...
[2020-07-22 10:26:44,307] - INFO: 获取被测apk包的appPackage、appActivity成功...
[2020-07-22 10:26:44,307] - INFO: 开始更新desired_caps中的app及手机参数...
[2020-07-22 10:26:44,321] - INFO: desired_caps更新完成...
[2020-07-22 10:26:44,328] - INFO: 检查merchant_20200707_1.6.1.apk应用是否已安装...
[2020-07-22 10:26:44,646] - INFO: 应用已安装...
[2020-07-22 10:26:45,475] - INFO: -----开始执行用例：新增、编辑、高级设置、删除浴位设备-----
[2020-07-22 10:26:54,078] - INFO: 驱动app打开成功...
[2020-07-22 10:27:24,228] - INFO: 登录成功，进入首页...
[2020-07-22 10:27:24,229] - INFO: 验证新增浴位
[2020-07-22 10:27:24,312] - INFO: 验证编辑浴位
[2020-07-22 10:27:51,551] - ERROR: 获取可视元素失败：Message: 

[2020-07-22 10:27:51,899] - INFO: 验证浴位高级设置
[2020-07-22 10:28:19,078] - ERROR: 获取可视元素失败：Message: 

[2020-07-22 10:28:19,092] - INFO: 验证删除浴位
[2020-07-22 10:28:45,832] - ERROR: 获取可视元素失败：Message: 

[2020-07-22 10:28:46,151] - INFO: ========测试完成========
[2020-07-22 10:29:39,095] - INFO: ========初始化测试环境========
[2020-07-22 10:29:39,311] - INFO: 获取设备系统版本号成功...
[2020-07-22 10:29:39,358] - INFO: 获取设备名成功...
[2020-07-22 10:29:39,600] - INFO: 获取被测apk包的appPackage、appActivity成功...
[2020-07-22 10:29:39,601] - INFO: 开始更新desired_caps中的app及手机参数...
[2020-07-22 10:29:39,616] - INFO: desired_caps更新完成...
[2020-07-22 10:29:39,624] - INFO: 检查merchant_20200707_1.6.1.apk应用是否已安装...
[2020-07-22 10:29:39,935] - INFO: 应用已安装...
[2020-07-22 10:29:40,550] - INFO: -----开始执行用例：新增、编辑、高级设置、删除浴位设备-----
[2020-07-22 10:29:48,166] - INFO: 驱动app打开成功...
[2020-07-22 10:30:18,555] - INFO: 登录成功，进入首页...
[2020-07-22 10:30:18,560] - INFO: 验证新增浴位
[2020-07-22 10:30:26,446] - ERROR: 获取可视元素失败：Message: An unknown server-side error occurred while processing the command. Original error: java.lang.IllegalArgumentException: Namespace with prefix 'com.qekj.merchant' has not been declared.

[2020-07-22 10:30:26,553] - INFO: 验证编辑浴位
[2020-07-22 10:30:53,388] - ERROR: 获取可视元素失败：Message: 

[2020-07-22 10:30:53,400] - INFO: 验证浴位高级设置
[2020-07-22 10:31:20,386] - ERROR: 获取可视元素失败：Message: 

[2020-07-22 10:31:20,398] - INFO: 验证删除浴位
[2020-07-22 10:31:47,156] - ERROR: 获取可视元素失败：Message: 

[2020-07-22 10:31:47,814] - INFO: ========测试完成========
[2020-07-22 10:33:56,286] - INFO: ========初始化测试环境========
[2020-07-22 10:33:56,540] - INFO: 获取设备系统版本号成功...
[2020-07-22 10:33:56,601] - INFO: 获取设备名成功...
[2020-07-22 10:33:56,845] - INFO: 获取被测apk包的appPackage、appActivity成功...
[2020-07-22 10:33:56,846] - INFO: 开始更新desired_caps中的app及手机参数...
[2020-07-22 10:33:56,868] - INFO: desired_caps更新完成...
[2020-07-22 10:33:56,879] - INFO: 检查merchant_20200707_1.6.1.apk应用是否已安装...
[2020-07-22 10:33:57,183] - INFO: 应用已安装...
[2020-07-22 10:33:57,940] - INFO: -----开始执行用例：新增、编辑、高级设置、删除浴位设备-----
[2020-07-22 10:34:07,350] - INFO: 驱动app打开成功...
[2020-07-22 10:34:38,844] - INFO: 登录成功，进入首页...
[2020-07-22 10:34:38,901] - INFO: 验证新增浴位
[2020-07-22 10:34:59,371] - INFO: 验证编辑浴位
[2020-07-22 10:35:26,855] - ERROR: 获取可视元素失败：Message: 

[2020-07-22 10:35:26,866] - INFO: 验证浴位高级设置
[2020-07-22 10:35:53,688] - ERROR: 获取可视元素失败：Message: 

[2020-07-22 10:35:53,700] - INFO: 验证删除浴位
[2020-07-22 10:36:20,768] - ERROR: 获取可视元素失败：Message: 

[2020-07-22 10:36:21,313] - INFO: ========测试完成========
[2020-07-22 10:40:21,414] - INFO: ========初始化测试环境========
[2020-07-22 10:40:21,668] - INFO: 获取设备系统版本号成功...
[2020-07-22 10:40:21,728] - INFO: 获取设备名成功...
[2020-07-22 10:40:21,967] - INFO: 获取被测apk包的appPackage、appActivity成功...
[2020-07-22 10:40:21,967] - INFO: 开始更新desired_caps中的app及手机参数...
[2020-07-22 10:40:21,979] - INFO: desired_caps更新完成...
[2020-07-22 10:40:21,984] - INFO: 检查merchant_20200707_1.6.1.apk应用是否已安装...
[2020-07-22 10:40:22,292] - INFO: 应用已安装...
[2020-07-22 10:40:23,014] - INFO: -----开始执行用例：新增、编辑、高级设置、删除浴位设备-----
[2020-07-22 10:40:32,352] - INFO: 驱动app打开成功...
[2020-07-22 10:41:02,792] - INFO: 登录成功，进入首页...
[2020-07-22 10:41:02,792] - INFO: 验证新增浴位
[2020-07-22 10:41:22,936] - INFO: 验证编辑浴位
[2020-07-22 10:41:50,537] - ERROR: 获取可视元素失败：Message: 

[2020-07-22 10:41:50,551] - INFO: 验证浴位高级设置
[2020-07-22 10:42:17,620] - ERROR: 获取可视元素失败：Message: 

[2020-07-22 10:42:17,633] - INFO: 验证删除浴位
[2020-07-22 10:42:45,244] - ERROR: 获取可视元素失败：Message: 

[2020-07-22 10:42:46,065] - INFO: ========测试完成========
[2020-07-22 10:45:02,595] - INFO: ========初始化测试环境========
[2020-07-22 10:45:02,846] - INFO: 获取设备系统版本号成功...
[2020-07-22 10:45:02,907] - INFO: 获取设备名成功...
[2020-07-22 10:45:03,150] - INFO: 获取被测apk包的appPackage、appActivity成功...
[2020-07-22 10:45:03,150] - INFO: 开始更新desired_caps中的app及手机参数...
[2020-07-22 10:45:03,167] - INFO: desired_caps更新完成...
[2020-07-22 10:45:03,175] - INFO: 检查merchant_20200707_1.6.1.apk应用是否已安装...
[2020-07-22 10:45:03,486] - INFO: 应用已安装...
[2020-07-22 10:45:04,392] - INFO: -----开始执行用例：新增、编辑、高级设置、删除浴位设备-----
[2020-07-22 10:45:13,235] - INFO: 驱动app打开成功...
[2020-07-22 10:45:43,353] - INFO: 登录成功，进入首页...
[2020-07-22 10:45:43,354] - INFO: 验证新增浴位
[2020-07-22 10:46:00,376] - INFO: ========测试完成========
[2020-07-22 10:47:45,193] - INFO: ========初始化测试环境========
[2020-07-22 10:47:45,455] - INFO: 获取设备系统版本号成功...
[2020-07-22 10:47:45,513] - INFO: 获取设备名成功...
[2020-07-22 10:47:45,759] - INFO: 获取被测apk包的appPackage、appActivity成功...
[2020-07-22 10:47:45,760] - INFO: 开始更新desired_caps中的app及手机参数...
[2020-07-22 10:47:45,789] - INFO: desired_caps更新完成...
[2020-07-22 10:47:45,799] - INFO: 检查merchant_20200707_1.6.1.apk应用是否已安装...
[2020-07-22 10:47:46,118] - INFO: 应用已安装...
[2020-07-22 10:47:46,631] - INFO: -----开始执行用例：新增、编辑、高级设置、删除浴位设备-----
[2020-07-22 10:47:54,009] - INFO: 驱动app打开成功...
[2020-07-22 10:48:24,516] - INFO: 登录成功，进入首页...
[2020-07-22 10:48:24,516] - INFO: 验证新增浴位
[2020-07-22 10:48:58,203] - ERROR: 获取可视元素失败：Message: 

[2020-07-22 10:48:58,802] - INFO: ========测试完成========
[2020-07-22 10:50:45,247] - INFO: ========初始化测试环境========
[2020-07-22 10:50:45,566] - INFO: 获取设备系统版本号成功...
[2020-07-22 10:50:45,614] - INFO: 获取设备名成功...
[2020-07-22 10:50:45,849] - INFO: 获取被测apk包的appPackage、appActivity成功...
[2020-07-22 10:50:45,850] - INFO: 开始更新desired_caps中的app及手机参数...
[2020-07-22 10:50:45,861] - INFO: desired_caps更新完成...
[2020-07-22 10:50:45,867] - INFO: 检查merchant_20200707_1.6.1.apk应用是否已安装...
[2020-07-22 10:50:46,200] - INFO: 应用已安装...
[2020-07-22 10:50:46,928] - INFO: -----开始执行用例：新增、编辑、高级设置、删除浴位设备-----
[2020-07-22 10:50:56,110] - INFO: 驱动app打开成功...
[2020-07-22 10:51:26,118] - INFO: 登录成功，进入首页...
[2020-07-22 10:51:26,118] - INFO: 验证新增浴位
[2020-07-22 10:52:24,921] - ERROR: 获取可视元素失败：Message: 

[2020-07-22 10:52:25,661] - INFO: ========测试完成========
[2020-07-22 10:54:06,548] - INFO: ========初始化测试环境========
[2020-07-22 10:54:06,803] - INFO: 获取设备系统版本号成功...
[2020-07-22 10:54:06,866] - INFO: 获取设备名成功...
[2020-07-22 10:54:07,110] - INFO: 获取被测apk包的appPackage、appActivity成功...
[2020-07-22 10:54:07,110] - INFO: 开始更新desired_caps中的app及手机参数...
[2020-07-22 10:54:07,125] - INFO: desired_caps更新完成...
[2020-07-22 10:54:07,133] - INFO: 检查merchant_20200707_1.6.1.apk应用是否已安装...
[2020-07-22 10:54:07,447] - INFO: 应用已安装...
[2020-07-22 10:54:08,162] - INFO: -----开始执行用例：新增、编辑、高级设置、删除浴位设备-----
[2020-07-22 10:54:17,436] - INFO: 驱动app打开成功...
[2020-07-22 10:54:48,185] - INFO: 登录成功，进入首页...
[2020-07-22 10:54:48,186] - INFO: 验证新增浴位
[2020-07-22 10:55:29,153] - INFO: ========测试完成========
[2020-07-22 10:58:21,512] - INFO: ========初始化测试环境========
[2020-07-22 10:58:21,812] - INFO: 获取设备系统版本号成功...
[2020-07-22 10:58:21,863] - INFO: 获取设备名成功...
[2020-07-22 10:58:22,081] - INFO: 获取被测apk包的appPackage、appActivity成功...
[2020-07-22 10:58:22,081] - INFO: 开始更新desired_caps中的app及手机参数...
[2020-07-22 10:58:22,094] - INFO: desired_caps更新完成...
[2020-07-22 10:58:22,099] - INFO: 检查merchant_20200707_1.6.1.apk应用是否已安装...
[2020-07-22 10:58:22,432] - INFO: 应用已安装...
[2020-07-22 10:58:23,281] - INFO: -----开始执行用例：新增、编辑、高级设置、删除浴位设备-----
[2020-07-22 10:58:33,945] - INFO: 驱动app打开成功...
[2020-07-22 10:59:05,519] - INFO: 登录成功，进入首页...
[2020-07-22 10:59:06,689] - INFO: 验证新增浴位
[2020-07-22 11:00:20,721] - ERROR: 获取可视元素失败：Message: 

[2020-07-22 11:00:22,087] - INFO: ========测试完成========
[2020-07-22 11:01:13,991] - INFO: ========初始化测试环境========
[2020-07-22 11:01:14,259] - INFO: 获取设备系统版本号成功...
[2020-07-22 11:01:14,326] - INFO: 获取设备名成功...
[2020-07-22 11:01:14,543] - INFO: 获取被测apk包的appPackage、appActivity成功...
[2020-07-22 11:01:14,543] - INFO: 开始更新desired_caps中的app及手机参数...
[2020-07-22 11:01:14,554] - INFO: desired_caps更新完成...
[2020-07-22 11:01:14,560] - INFO: 检查merchant_20200707_1.6.1.apk应用是否已安装...
[2020-07-22 11:01:14,867] - INFO: 应用已安装...
[2020-07-22 11:01:15,774] - INFO: -----开始执行用例：新增、编辑、高级设置、删除浴位设备-----
[2020-07-22 11:01:25,132] - INFO: 驱动app打开成功...
[2020-07-22 11:01:55,466] - INFO: 登录成功，进入首页...
[2020-07-22 11:01:55,483] - INFO: 验证编辑浴位
[2020-07-22 11:02:22,332] - ERROR: 获取可视元素失败：Message: 

[2020-07-22 11:02:22,907] - INFO: ========测试完成========
[2020-07-22 11:02:46,744] - INFO: ========初始化测试环境========
[2020-07-22 11:02:47,032] - INFO: 获取设备系统版本号成功...
[2020-07-22 11:02:47,084] - INFO: 获取设备名成功...
[2020-07-22 11:02:47,217] - INFO: 获取被测apk包的appPackage、appActivity成功...
[2020-07-22 11:02:47,217] - INFO: 开始更新desired_caps中的app及手机参数...
[2020-07-22 11:02:47,228] - INFO: desired_caps更新完成...
[2020-07-22 11:02:47,235] - INFO: 检查merchant_20200707_1.6.1.apk应用是否已安装...
[2020-07-22 11:02:47,569] - INFO: 应用已安装...
[2020-07-22 11:02:48,075] - INFO: -----开始执行用例：新增、编辑、高级设置、删除浴位设备-----
[2020-07-22 11:02:55,804] - INFO: 驱动app打开成功...
[2020-07-22 11:03:25,658] - INFO: 登录成功，进入首页...
[2020-07-22 11:03:25,663] - INFO: 验证编辑浴位
[2020-07-22 11:03:44,995] - INFO: ========测试完成========
[2020-07-22 11:05:19,689] - INFO: ========初始化测试环境========
[2020-07-22 11:05:19,948] - INFO: 获取设备系统版本号成功...
[2020-07-22 11:05:20,009] - INFO: 获取设备名成功...
[2020-07-22 11:05:20,233] - INFO: 获取被测apk包的appPackage、appActivity成功...
[2020-07-22 11:05:20,233] - INFO: 开始更新desired_caps中的app及手机参数...
[2020-07-22 11:05:20,244] - INFO: desired_caps更新完成...
[2020-07-22 11:05:20,250] - INFO: 检查merchant_20200707_1.6.1.apk应用是否已安装...
[2020-07-22 11:05:20,546] - INFO: 应用已安装...
[2020-07-22 11:05:21,310] - INFO: -----开始执行用例：新增、编辑、高级设置、删除浴位设备-----
[2020-07-22 11:05:31,248] - INFO: 驱动app打开成功...
[2020-07-22 11:06:01,273] - INFO: 登录成功，进入首页...
[2020-07-22 11:06:01,281] - INFO: 验证编辑浴位
[2020-07-22 11:06:28,332] - ERROR: 获取可视元素失败：Message: 

[2020-07-22 11:06:28,751] - INFO: ========测试完成========
[2020-07-22 11:07:19,054] - INFO: ========初始化测试环境========
[2020-07-22 11:07:19,359] - INFO: 获取设备系统版本号成功...
[2020-07-22 11:07:19,422] - INFO: 获取设备名成功...
[2020-07-22 11:07:19,654] - INFO: 获取被测apk包的appPackage、appActivity成功...
[2020-07-22 11:07:19,654] - INFO: 开始更新desired_caps中的app及手机参数...
[2020-07-22 11:07:19,666] - INFO: desired_caps更新完成...
[2020-07-22 11:07:19,671] - INFO: 检查merchant_20200707_1.6.1.apk应用是否已安装...
[2020-07-22 11:07:20,080] - INFO: 应用已安装...
[2020-07-22 11:07:20,959] - INFO: -----开始执行用例：新增、编辑、高级设置、删除浴位设备-----
[2020-07-22 11:07:31,411] - INFO: 驱动app打开成功...
[2020-07-22 11:08:01,538] - INFO: 登录成功，进入首页...
[2020-07-22 11:08:01,545] - INFO: 验证编辑浴位
[2020-07-22 11:08:26,682] - INFO: ========测试完成========
[2020-07-22 11:10:05,403] - INFO: ========初始化测试环境========
[2020-07-22 11:10:05,617] - INFO: 获取设备系统版本号成功...
[2020-07-22 11:10:05,677] - INFO: 获取设备名成功...
[2020-07-22 11:10:05,747] - INFO: 获取被测apk包的appPackage、appActivity成功...
[2020-07-22 11:10:05,748] - INFO: 开始更新desired_caps中的app及手机参数...
[2020-07-22 11:10:05,758] - INFO: desired_caps更新完成...
[2020-07-22 11:10:05,763] - INFO: 检查merchant_20200707_1.6.1.apk应用是否已安装...
[2020-07-22 11:10:06,067] - INFO: 应用已安装...
[2020-07-22 11:10:06,577] - INFO: -----开始执行用例：新增、编辑、高级设置、删除浴位设备-----
[2020-07-22 11:10:14,991] - INFO: 驱动app打开成功...
[2020-07-22 11:10:45,248] - INFO: 登录成功，进入首页...
[2020-07-22 11:10:45,253] - INFO: 验证编辑浴位
[2020-07-22 11:11:08,145] - INFO: ========测试完成========
[2020-07-22 11:11:40,006] - INFO: ========初始化测试环境========
[2020-07-22 11:11:40,318] - INFO: 获取设备系统版本号成功...
[2020-07-22 11:11:40,375] - INFO: 获取设备名成功...
[2020-07-22 11:11:40,616] - INFO: 获取被测apk包的appPackage、appActivity成功...
[2020-07-22 11:11:40,617] - INFO: 开始更新desired_caps中的app及手机参数...
[2020-07-22 11:11:40,628] - INFO: desired_caps更新完成...
[2020-07-22 11:11:40,634] - INFO: 检查merchant_20200707_1.6.1.apk应用是否已安装...
[2020-07-22 11:11:40,980] - INFO: 应用已安装...
[2020-07-22 11:11:41,875] - INFO: -----开始执行用例：新增、编辑、高级设置、删除浴位设备-----
[2020-07-22 11:11:51,105] - INFO: 驱动app打开成功...
[2020-07-22 11:12:21,782] - INFO: 登录成功，进入首页...
[2020-07-22 11:12:21,793] - INFO: 验证浴位高级设置
[2020-07-22 11:12:41,733] - INFO: ========测试完成========
[2020-07-22 11:13:04,020] - INFO: ========初始化测试环境========
[2020-07-22 11:13:04,227] - INFO: 获取设备系统版本号成功...
[2020-07-22 11:13:04,288] - INFO: 获取设备名成功...
[2020-07-22 11:13:04,363] - INFO: 获取被测apk包的appPackage、appActivity成功...
[2020-07-22 11:13:04,363] - INFO: 开始更新desired_caps中的app及手机参数...
[2020-07-22 11:13:04,375] - INFO: desired_caps更新完成...
[2020-07-22 11:13:04,382] - INFO: 检查merchant_20200707_1.6.1.apk应用是否已安装...
[2020-07-22 11:13:04,684] - INFO: 应用已安装...
[2020-07-22 11:13:05,302] - INFO: -----开始执行用例：新增、编辑、高级设置、删除浴位设备-----
[2020-07-22 11:13:13,618] - INFO: 驱动app打开成功...
[2020-07-22 11:13:43,988] - INFO: 登录成功，进入首页...
[2020-07-22 11:13:43,998] - INFO: 验证删除浴位
[2020-07-22 11:14:12,726] - ERROR: 获取可视元素失败：Message: 

[2020-07-22 11:14:13,454] - INFO: ========测试完成========
[2020-07-22 11:15:10,075] - INFO: ========初始化测试环境========
[2020-07-22 11:15:10,286] - INFO: 获取设备系统版本号成功...
[2020-07-22 11:15:10,351] - INFO: 获取设备名成功...
[2020-07-22 11:15:10,427] - INFO: 获取被测apk包的appPackage、appActivity成功...
[2020-07-22 11:15:10,428] - INFO: 开始更新desired_caps中的app及手机参数...
[2020-07-22 11:15:10,439] - INFO: desired_caps更新完成...
[2020-07-22 11:15:10,444] - INFO: 检查merchant_20200707_1.6.1.apk应用是否已安装...
[2020-07-22 11:15:10,756] - INFO: 应用已安装...
[2020-07-22 11:15:11,388] - INFO: -----开始执行用例：新增、编辑、高级设置、删除浴位设备-----
[2020-07-22 11:15:19,717] - INFO: 驱动app打开成功...
[2020-07-22 11:15:50,334] - INFO: 登录成功，进入首页...
[2020-07-22 11:15:50,343] - INFO: 验证删除浴位
[2020-07-22 11:16:13,070] - INFO: ========测试完成========
[2020-07-22 11:17:05,463] - INFO: ========初始化测试环境========
[2020-07-22 11:17:05,680] - INFO: 获取设备系统版本号成功...
[2020-07-22 11:17:05,743] - INFO: 获取设备名成功...
[2020-07-22 11:17:05,820] - INFO: 获取被测apk包的appPackage、appActivity成功...
[2020-07-22 11:17:05,820] - INFO: 开始更新desired_caps中的app及手机参数...
[2020-07-22 11:17:05,832] - INFO: desired_caps更新完成...
[2020-07-22 11:17:05,838] - INFO: 检查merchant_20200707_1.6.1.apk应用是否已安装...
[2020-07-22 11:17:06,153] - INFO: 应用已安装...
[2020-07-22 11:17:06,796] - INFO: -----开始执行用例：新增、编辑、高级设置、删除浴位设备-----
[2020-07-22 11:17:14,914] - INFO: 驱动app打开成功...
[2020-07-22 11:17:45,295] - INFO: 登录成功，进入首页...
[2020-07-22 11:17:45,296] - INFO: 验证新增浴位
[2020-07-22 11:18:55,052] - INFO: 验证删除浴位
[2020-07-22 11:19:09,604] - INFO: ========测试完成========
[2020-07-22 11:21:38,746] - INFO: ========初始化测试环境========
[2020-07-22 11:21:39,104] - INFO: 获取设备系统版本号成功...
[2020-07-22 11:21:39,160] - INFO: 获取设备名成功...
[2020-07-22 11:21:39,399] - INFO: 获取被测apk包的appPackage、appActivity成功...
[2020-07-22 11:21:39,399] - INFO: 开始更新desired_caps中的app及手机参数...
[2020-07-22 11:21:39,414] - INFO: desired_caps更新完成...
[2020-07-22 11:21:39,419] - INFO: 检查merchant_20200707_1.6.1.apk应用是否已安装...
[2020-07-22 11:21:39,791] - INFO: 应用已安装...
[2020-07-22 11:21:40,652] - INFO: -----开始执行用例：新增、编辑、高级设置、删除浴位设备-----
[2020-07-22 11:21:51,180] - INFO: 驱动app打开成功...
[2020-07-22 11:22:21,664] - INFO: 登录成功，进入首页...
[2020-07-22 11:22:21,665] - INFO: 验证新增浴位
[2020-07-22 11:23:29,603] - INFO: 验证删除浴位
[2020-07-22 11:23:40,496] - INFO: ========测试完成========
[2020-07-22 11:25:33,978] - INFO: ========初始化测试环境========
[2020-07-22 11:25:34,387] - INFO: 获取设备系统版本号成功...
[2020-07-22 11:25:34,444] - INFO: 获取设备名成功...
[2020-07-22 11:25:34,671] - INFO: 获取被测apk包的appPackage、appActivity成功...
[2020-07-22 11:25:34,671] - INFO: 开始更新desired_caps中的app及手机参数...
[2020-07-22 11:25:34,681] - INFO: desired_caps更新完成...
[2020-07-22 11:25:34,687] - INFO: 检查merchant_20200707_1.6.1.apk应用是否已安装...
[2020-07-22 11:25:34,981] - INFO: 应用已安装...
[2020-07-22 11:25:35,864] - INFO: -----开始执行用例：新增、编辑、高级设置、删除浴位设备-----
[2020-07-22 11:25:43,470] - INFO: 驱动app打开成功...
[2020-07-22 11:26:13,528] - INFO: 登录成功，进入首页...
[2020-07-22 11:26:13,529] - INFO: 验证新增浴位
[2020-07-22 11:27:17,890] - ERROR: 获取可视元素失败：Message: 

[2020-07-22 11:27:17,984] - INFO: 验证删除浴位
[2020-07-22 11:27:45,040] - ERROR: 获取可视元素失败：Message: 

[2020-07-22 11:27:45,487] - INFO: ========测试完成========
[2020-07-22 11:29:52,680] - INFO: ========初始化测试环境========
[2020-07-22 11:29:52,940] - INFO: 获取设备系统版本号成功...
[2020-07-22 11:29:52,993] - INFO: 获取设备名成功...
[2020-07-22 11:29:53,215] - INFO: 获取被测apk包的appPackage、appActivity成功...
[2020-07-22 11:29:53,215] - INFO: 开始更新desired_caps中的app及手机参数...
[2020-07-22 11:29:53,226] - INFO: desired_caps更新完成...
[2020-07-22 11:29:53,232] - INFO: 检查merchant_20200707_1.6.1.apk应用是否已安装...
[2020-07-22 11:29:53,516] - INFO: 应用已安装...
[2020-07-22 11:29:54,132] - INFO: -----开始执行用例：新增、编辑、高级设置、删除浴位设备-----
[2020-07-22 11:30:02,921] - INFO: 驱动app打开成功...
[2020-07-22 11:30:33,169] - INFO: 登录成功，进入首页...
[2020-07-22 11:30:33,170] - INFO: 验证新增浴位
[2020-07-22 11:31:44,316] - INFO: 验证编辑浴位
[2020-07-22 11:31:58,021] - INFO: 验证浴位高级设置
[2020-07-22 11:32:08,290] - INFO: 验证删除浴位
[2020-07-22 11:32:16,187] - INFO: ========测试完成========
