[2020-07-14 20:12:22,308] - INFO: ========初始化测试环境========
[2020-07-14 20:12:22,537] - INFO: 获取设备系统版本号成功...
[2020-07-14 20:12:22,592] - INFO: 获取设备名成功...
[2020-07-14 20:12:23,012] - INFO: 获取被测apk包的appPackage、appActivity成功...
[2020-07-14 20:12:23,012] - INFO: 开始更新desired_caps中的app及手机参数...
[2020-07-14 20:12:23,023] - INFO: desired_caps更新完成...
[2020-07-14 20:12:23,029] - INFO: 检查merchant_20200707_1.6.1.apk应用是否已安装...
[2020-07-14 20:12:23,582] - INFO: 应用已安装...
[2020-07-14 20:12:24,463] - INFO: -----开始执行用例：新增、编辑、删除浴室-----
[2020-07-14 20:12:29,483] - ERROR: Appium服务未开启！！！
[2020-07-14 20:12:31,503] - ERROR: 进入首页失败：'NoneType' object has no attribute 'swipe'，终止用例执行！！！
[2020-07-14 20:12:31,673] - INFO: -----开始执行用例：新增、编辑、删除浴室-----
[2020-07-14 20:12:36,688] - ERROR: Appium服务未开启！！！
[2020-07-14 20:12:38,706] - ERROR: 进入首页失败：'NoneType' object has no attribute 'swipe'，终止用例执行！！！
[2020-07-14 20:12:38,758] - INFO: -----开始执行用例：新增、编辑、删除浴室-----
[2020-07-14 20:12:43,771] - ERROR: Appium服务未开启！！！
[2020-07-14 20:12:45,777] - ERROR: 进入首页失败：'NoneType' object has no attribute 'swipe'，终止用例执行！！！
[2020-07-14 20:12:45,872] - INFO: ========测试完成========
[2020-07-14 20:14:43,428] - INFO: ========初始化测试环境========
[2020-07-14 20:14:43,599] - INFO: 获取设备系统版本号成功...
[2020-07-14 20:14:43,654] - INFO: 获取设备名成功...
[2020-07-14 20:14:43,723] - INFO: 获取被测apk包的appPackage、appActivity成功...
[2020-07-14 20:14:43,724] - INFO: 开始更新desired_caps中的app及手机参数...
[2020-07-14 20:14:43,736] - INFO: desired_caps更新完成...
[2020-07-14 20:14:43,742] - INFO: 检查merchant_20200707_1.6.1.apk应用是否已安装...
[2020-07-14 20:14:44,031] - INFO: 应用已安装...
[2020-07-14 20:14:44,487] - INFO: -----开始执行用例：新增、编辑、删除浴室-----
[2020-07-14 20:14:49,506] - ERROR: Appium服务未开启！！！
[2020-07-14 20:14:49,870] - INFO: -----开始执行用例：新增、编辑、删除浴室-----
[2020-07-14 20:14:54,881] - ERROR: Appium服务未开启！！！
[2020-07-14 20:14:55,185] - INFO: -----开始执行用例：新增、编辑、删除浴室-----
[2020-07-14 20:15:00,315] - ERROR: Appium服务未开启！！！
[2020-07-14 20:15:01,222] - INFO: ========测试完成========
[2020-07-14 20:15:53,080] - INFO: ========初始化测试环境========
[2020-07-14 20:15:53,316] - INFO: 获取设备系统版本号成功...
[2020-07-14 20:15:53,372] - INFO: 获取设备名成功...
[2020-07-14 20:15:53,620] - INFO: 获取被测apk包的appPackage、appActivity成功...
[2020-07-14 20:15:53,621] - INFO: 开始更新desired_caps中的app及手机参数...
[2020-07-14 20:15:53,646] - INFO: desired_caps更新完成...
[2020-07-14 20:15:53,659] - INFO: 检查merchant_20200707_1.6.1.apk应用是否已安装...
[2020-07-14 20:15:53,966] - INFO: 应用已安装...
[2020-07-14 20:15:54,697] - INFO: -----开始执行用例：新增、编辑、删除浴室-----
[2020-07-14 20:16:17,012] - ERROR: 驱动app打开失败：Message: An unknown server-side error occurred while processing the command. Original error: Failed to launch Appium Settings app: Condition unmet after 19904 ms. Timing out.

[2020-07-14 20:16:19,036] - ERROR: 进入首页失败：'NoneType' object has no attribute 'swipe'，终止用例执行！！！
[2020-07-14 20:16:19,251] - INFO: -----开始执行用例：新增、编辑、删除浴室-----
[2020-07-14 20:18:03,476] - INFO: ========初始化测试环境========
[2020-07-14 20:18:03,696] - INFO: 获取设备系统版本号成功...
[2020-07-14 20:18:03,746] - INFO: 获取设备名成功...
[2020-07-14 20:18:03,952] - INFO: 获取被测apk包的appPackage、appActivity成功...
[2020-07-14 20:18:03,953] - INFO: 开始更新desired_caps中的app及手机参数...
[2020-07-14 20:18:03,965] - INFO: desired_caps更新完成...
[2020-07-14 20:18:03,971] - INFO: 检查merchant_20200707_1.6.1.apk应用是否已安装...
[2020-07-14 20:18:04,263] - INFO: 应用已安装...
[2020-07-14 20:18:05,083] - INFO: -----开始执行用例：新增、编辑、删除浴室-----
[2020-07-14 20:18:20,103] - INFO: 驱动app打开成功...
[2020-07-14 20:18:50,225] - INFO: 登录成功，进入首页...
[2020-07-14 20:18:50,226] - INFO: 验证新增浴室
[2020-07-14 20:19:05,940] - INFO: 验证编辑浴室
[2020-07-14 20:19:15,310] - INFO: 验证删除浴室
[2020-07-14 20:19:21,326] - INFO: ========测试完成========
