[2020-07-16 14:16:23,150] - INFO: ========初始化测试环境========
[2020-07-16 14:16:23,420] - INFO: 获取设备系统版本号成功...
[2020-07-16 14:16:23,463] - INFO: 获取设备名成功...
[2020-07-16 14:16:23,649] - INFO: 获取被测apk包的appPackage、appActivity成功...
[2020-07-16 14:16:23,649] - INFO: 开始更新desired_caps中的app及手机参数...
[2020-07-16 14:16:23,661] - INFO: desired_caps更新完成...
[2020-07-16 14:16:23,666] - INFO: 检查merchant_20200707_1.6.1.apk应用是否已安装...
[2020-07-16 14:16:23,962] - INFO: 应用已安装...
[2020-07-16 14:16:24,820] - INFO: -----开始执行用例：新增、编辑、删除设备-----
[2020-07-16 14:16:29,849] - ERROR: Appium服务未开启！！！
[2020-07-16 14:16:31,869] - ERROR: 进入首页失败：'NoneType' object has no attribute 'swipe'，终止用例执行！！！
[2020-07-16 14:16:32,071] - INFO: -----开始执行用例：新增、编辑、删除设备-----
[2020-07-16 14:16:37,093] - ERROR: Appium服务未开启！！！
[2020-07-16 14:16:39,098] - ERROR: 进入首页失败：'NoneType' object has no attribute 'swipe'，终止用例执行！！！
[2020-07-16 14:16:39,123] - INFO: -----开始执行用例：新增、编辑、删除设备-----
[2020-07-16 14:16:44,210] - ERROR: Appium服务未开启！！！
[2020-07-16 14:16:46,217] - ERROR: 进入首页失败：'NoneType' object has no attribute 'swipe'，终止用例执行！！！
[2020-07-16 14:16:46,238] - INFO: -----开始执行用例：新增、编辑、删除设备-----
[2020-07-16 14:16:51,356] - ERROR: Appium服务未开启！！！
[2020-07-16 14:16:53,371] - ERROR: 进入首页失败：'NoneType' object has no attribute 'swipe'，终止用例执行！！！
[2020-07-16 14:16:53,551] - INFO: ========测试完成========
[2020-07-16 14:17:54,704] - INFO: ========初始化测试环境========
[2020-07-16 14:17:55,243] - INFO: 获取设备系统版本号成功...
[2020-07-16 14:17:55,319] - INFO: 获取设备名成功...
[2020-07-16 14:17:55,546] - INFO: 获取被测apk包的appPackage、appActivity成功...
[2020-07-16 14:17:55,547] - INFO: 开始更新desired_caps中的app及手机参数...
[2020-07-16 14:17:55,567] - INFO: desired_caps更新完成...
[2020-07-16 14:17:55,576] - INFO: 检查merchant_20200707_1.6.1.apk应用是否已安装...
[2020-07-16 14:17:55,888] - INFO: 应用已安装...
[2020-07-16 14:17:56,743] - INFO: -----开始执行用例：新增、编辑、删除设备-----
[2020-07-16 14:18:11,030] - INFO: 驱动app打开成功...
[2020-07-16 14:18:44,593] - INFO: 登录成功，进入首页...
[2020-07-16 14:18:44,595] - INFO: 验证新增设备
[2020-07-16 14:19:13,208] - ERROR: 获取可视元素失败：Message: An unknown server-side error occurred while processing the command. Original error: java.lang.IllegalArgumentException: Namespace with prefix 'com.qekj.merchant' has not been declared.

[2020-07-16 14:19:13,369] - INFO: 验证搜索设备、编辑设备
[2020-07-16 14:19:40,428] - ERROR: 获取可视元素失败：Message: 

[2020-07-16 14:19:40,446] - INFO: 验证设备详情页-高级设置
[2020-07-16 14:20:07,812] - ERROR: 获取可视元素失败：Message: 

[2020-07-16 14:20:07,828] - INFO: 验证删除设备
[2020-07-16 14:20:34,826] - ERROR: 获取可视元素失败：Message: 

[2020-07-16 14:20:35,490] - INFO: ========测试完成========
[2020-07-16 14:43:51,659] - INFO: ========初始化测试环境========
[2020-07-16 14:43:51,930] - INFO: 获取设备系统版本号成功...
[2020-07-16 14:43:52,016] - INFO: 获取设备名成功...
[2020-07-16 14:43:52,245] - INFO: 获取被测apk包的appPackage、appActivity成功...
[2020-07-16 14:43:52,245] - INFO: 开始更新desired_caps中的app及手机参数...
[2020-07-16 14:43:52,257] - INFO: desired_caps更新完成...
[2020-07-16 14:43:52,264] - INFO: 检查merchant_20200707_1.6.1.apk应用是否已安装...
[2020-07-16 14:43:52,761] - INFO: 应用已安装...
[2020-07-16 14:43:53,752] - INFO: -----开始执行用例：新增、编辑、删除设备-----
[2020-07-16 14:44:03,560] - INFO: 驱动app打开成功...
[2020-07-16 14:44:33,738] - INFO: 登录成功，进入首页...
[2020-07-16 14:44:33,739] - INFO: 验证新增设备
[2020-07-16 14:46:33,552] - INFO: ========初始化测试环境========
[2020-07-16 14:46:33,810] - INFO: 获取设备系统版本号成功...
[2020-07-16 14:46:33,866] - INFO: 获取设备名成功...
[2020-07-16 14:46:34,096] - INFO: 获取被测apk包的appPackage、appActivity成功...
[2020-07-16 14:46:34,097] - INFO: 开始更新desired_caps中的app及手机参数...
[2020-07-16 14:46:34,108] - INFO: desired_caps更新完成...
[2020-07-16 14:46:34,114] - INFO: 检查merchant_20200707_1.6.1.apk应用是否已安装...
[2020-07-16 14:46:34,417] - INFO: 应用已安装...
[2020-07-16 14:46:35,180] - INFO: -----开始执行用例：新增、编辑、删除设备-----
[2020-07-16 14:46:47,523] - INFO: 驱动app打开成功...
[2020-07-16 14:47:18,933] - INFO: 登录成功，进入首页...
[2020-07-16 14:47:18,934] - INFO: 验证新增设备
[2020-07-16 14:50:14,576] - INFO: ========初始化测试环境========
[2020-07-16 14:50:14,839] - INFO: 获取设备系统版本号成功...
[2020-07-16 14:50:14,895] - INFO: 获取设备名成功...
[2020-07-16 14:50:15,148] - INFO: 获取被测apk包的appPackage、appActivity成功...
[2020-07-16 14:50:15,149] - INFO: 开始更新desired_caps中的app及手机参数...
[2020-07-16 14:50:15,169] - INFO: desired_caps更新完成...
[2020-07-16 14:50:15,177] - INFO: 检查merchant_20200707_1.6.1.apk应用是否已安装...
[2020-07-16 14:50:15,462] - INFO: 应用已安装...
[2020-07-16 14:50:16,323] - INFO: -----开始执行用例：新增、编辑、删除设备-----
[2020-07-16 14:50:27,271] - INFO: 驱动app打开成功...
[2020-07-16 14:50:58,061] - INFO: 登录成功，进入首页...
[2020-07-16 14:50:58,062] - INFO: 验证新增设备
[2020-07-16 14:52:19,884] - INFO: 验证搜索设备、编辑设备
[2020-07-16 14:52:38,879] - INFO: 验证设备详情页-高级设置
[2020-07-16 14:53:02,928] - INFO: 验证删除设备
[2020-07-16 14:53:32,283] - ERROR: 获取存在元素失败：Message: 

[2020-07-16 14:53:33,559] - INFO: ========测试完成========
[2020-07-16 15:04:03,224] - INFO: ========初始化测试环境========
[2020-07-16 15:04:03,465] - INFO: 获取设备系统版本号成功...
[2020-07-16 15:04:03,638] - INFO: 获取设备名成功...
[2020-07-16 15:04:03,868] - INFO: 获取被测apk包的appPackage、appActivity成功...
[2020-07-16 15:04:03,868] - INFO: 开始更新desired_caps中的app及手机参数...
[2020-07-16 15:04:03,880] - INFO: desired_caps更新完成...
[2020-07-16 15:04:03,886] - INFO: 检查merchant_20200707_1.6.1.apk应用是否已安装...
[2020-07-16 15:04:04,249] - INFO: 应用已安装...
[2020-07-16 15:04:05,217] - INFO: -----开始执行用例：新增、编辑、删除设备-----
[2020-07-16 15:04:18,620] - INFO: 驱动app打开成功...
[2020-07-16 15:04:50,016] - INFO: 登录成功，进入首页...
[2020-07-16 15:04:50,016] - INFO: 验证新增设备
[2020-07-16 15:06:09,757] - INFO: 验证搜索设备、编辑设备
[2020-07-16 15:06:25,401] - INFO: 验证设备详情页-高级设置
[2020-07-16 15:06:49,203] - INFO: 验证删除设备
[2020-07-16 15:06:52,720] - INFO: ========测试完成========
