[2020-07-07 19:33:11,708] - INFO: ========初始化测试环境========
[2020-07-07 19:33:11,887] - INFO: 获取设备系统版本号成功...
[2020-07-07 19:33:11,944] - INFO: 获取设备名成功...
[2020-07-07 19:33:12,256] - INFO: 获取被测apk包的appPackage、appActivity成功...
[2020-07-07 19:33:12,256] - INFO: 开始更新desired_caps中的app及手机参数...
[2020-07-07 19:33:12,266] - INFO: desired_caps更新完成...
[2020-07-07 19:33:12,273] - INFO: 检查merchant_20200611_1.5.9.apk应用是否已安装...
[2020-07-07 19:33:12,674] - INFO: 应用已安装...
[2020-07-07 19:33:13,536] - INFO: -----开始执行用例：充值通用小票、会员充值记录、小票回收-----
[2020-07-07 19:33:18,555] - ERROR: 驱动app打开失败：HTTPConnectionPool(host='127.0.0.1', port=4723): Max retries exceeded with url: /wd/hub/session (Caused by NewConnectionError('<urllib3.connection.HTTPConnection object at 0x03834D50>: Failed to establish a new connection: [WinError 10061] 由于目标计算机积极拒绝，无法连接。'))
[2020-07-07 19:33:20,575] - ERROR: 进入首页失败：'NoneType' object has no attribute 'swipe'，终止用例执行！！！
[2020-07-07 19:33:20,740] - INFO: -----开始执行用例：充值通用小票、会员充值记录、小票回收-----
[2020-07-07 19:33:25,763] - ERROR: 驱动app打开失败：HTTPConnectionPool(host='127.0.0.1', port=4723): Max retries exceeded with url: /wd/hub/session (Caused by NewConnectionError('<urllib3.connection.HTTPConnection object at 0x038D6C10>: Failed to establish a new connection: [WinError 10061] 由于目标计算机积极拒绝，无法连接。'))
[2020-07-07 19:33:27,769] - ERROR: 进入首页失败：'NoneType' object has no attribute 'swipe'，终止用例执行！！！
[2020-07-07 19:33:27,792] - INFO: -----开始执行用例：充值通用小票、会员充值记录、小票回收-----
[2020-07-07 19:33:32,988] - ERROR: 驱动app打开失败：HTTPConnectionPool(host='127.0.0.1', port=4723): Max retries exceeded with url: /wd/hub/session (Caused by NewConnectionError('<urllib3.connection.HTTPConnection object at 0x03909F70>: Failed to establish a new connection: [WinError 10061] 由于目标计算机积极拒绝，无法连接。'))
[2020-07-07 19:33:34,995] - ERROR: 进入首页失败：'NoneType' object has no attribute 'swipe'，终止用例执行！！！
[2020-07-07 19:33:35,072] - INFO: ========测试完成========
[2020-07-07 19:33:50,480] - INFO: ========初始化测试环境========
[2020-07-07 19:33:50,627] - INFO: 获取设备系统版本号成功...
[2020-07-07 19:33:50,680] - INFO: 获取设备名成功...
[2020-07-07 19:33:50,888] - INFO: 获取被测apk包的appPackage、appActivity成功...
[2020-07-07 19:33:50,889] - INFO: 开始更新desired_caps中的app及手机参数...
[2020-07-07 19:33:50,907] - INFO: desired_caps更新完成...
[2020-07-07 19:33:50,913] - INFO: 检查merchant_20200611_1.5.9.apk应用是否已安装...
[2020-07-07 19:33:51,219] - INFO: 应用已安装...
[2020-07-07 19:33:52,009] - INFO: -----开始执行用例：充值通用小票、会员充值记录、小票回收-----
[2020-07-07 19:34:09,484] - INFO: 驱动app打开成功...
[2020-07-07 19:34:39,788] - INFO: 登录成功，进入首页...
[2020-07-07 19:34:39,789] - INFO: 验证充值通用小票
[2020-07-07 19:35:10,211] - ERROR: 获取可视元素失败：Message: 

[2020-07-07 19:35:10,358] - INFO: 验证查询会员充值记录
[2020-07-07 19:35:39,346] - ERROR: 获取可视元素失败：Message: 

[2020-07-07 19:35:39,369] - INFO: 验证会员管理-回收通用小票
[2020-07-07 19:36:07,836] - ERROR: 获取可视元素失败：Message: 

[2020-07-07 19:36:08,286] - INFO: ========测试完成========
[2020-07-07 19:37:51,058] - INFO: ========初始化测试环境========
[2020-07-07 19:37:51,197] - INFO: 获取设备系统版本号成功...
[2020-07-07 19:37:51,287] - INFO: 获取设备名成功...
[2020-07-07 19:37:51,500] - INFO: 获取被测apk包的appPackage、appActivity成功...
[2020-07-07 19:37:51,500] - INFO: 开始更新desired_caps中的app及手机参数...
[2020-07-07 19:37:51,512] - INFO: desired_caps更新完成...
[2020-07-07 19:37:51,516] - INFO: 检查merchant_20200611_1.5.9.apk应用是否已安装...
[2020-07-07 19:37:51,860] - INFO: 应用已安装...
[2020-07-07 19:37:52,671] - INFO: -----开始执行用例：充值通用小票、会员充值记录、小票回收-----
[2020-07-07 19:38:06,675] - INFO: 驱动app打开成功...
[2020-07-07 19:38:37,034] - INFO: 登录成功，进入首页...
[2020-07-07 19:38:37,035] - INFO: 验证充值通用小票
[2020-07-07 19:39:04,236] - ERROR: 获取可视元素失败：Message: 

[2020-07-07 19:39:04,655] - INFO: 验证查询会员充值记录
[2020-07-07 19:39:32,486] - ERROR: 获取可视元素失败：Message: 

[2020-07-07 19:39:32,508] - INFO: 验证会员管理-回收通用小票
[2020-07-07 19:39:59,863] - ERROR: 获取可视元素失败：Message: 

[2020-07-07 19:40:00,840] - INFO: ========测试完成========
[2020-07-07 19:45:24,841] - INFO: ========初始化测试环境========
[2020-07-07 19:45:24,969] - INFO: 获取设备系统版本号成功...
[2020-07-07 19:45:25,030] - INFO: 获取设备名成功...
[2020-07-07 19:45:25,111] - INFO: 获取被测apk包的appPackage、appActivity成功...
[2020-07-07 19:45:25,112] - INFO: 开始更新desired_caps中的app及手机参数...
[2020-07-07 19:45:25,123] - INFO: desired_caps更新完成...
[2020-07-07 19:45:25,128] - INFO: 检查merchant_20200611_1.5.9.apk应用是否已安装...
[2020-07-07 19:45:25,928] - INFO: 应用已安装...
[2020-07-07 19:45:26,652] - INFO: -----开始执行用例：充值通用小票、会员充值记录、小票回收-----
[2020-07-07 19:45:37,468] - INFO: 驱动app打开成功...
[2020-07-07 19:46:08,216] - INFO: 登录成功，进入首页...
[2020-07-07 19:46:08,217] - INFO: 验证充值通用小票
[2020-07-07 19:46:22,987] - INFO: 验证查询会员充值记录
[2020-07-07 19:46:40,689] - INFO: 验证会员管理-回收通用小票
[2020-07-07 19:46:56,503] - INFO: ========测试完成========
[2020-07-07 19:50:09,416] - INFO: ========初始化测试环境========
[2020-07-07 19:50:09,603] - INFO: 获取设备系统版本号成功...
[2020-07-07 19:50:09,720] - INFO: 获取设备名成功...
[2020-07-07 19:50:09,950] - INFO: 获取被测apk包的appPackage、appActivity成功...
[2020-07-07 19:50:09,950] - INFO: 开始更新desired_caps中的app及手机参数...
[2020-07-07 19:50:09,964] - INFO: desired_caps更新完成...
[2020-07-07 19:50:09,970] - INFO: 检查merchant_20200611_1.5.9.apk应用是否已安装...
[2020-07-07 19:50:10,334] - INFO: 应用已安装...
[2020-07-07 19:50:11,218] - INFO: -----开始执行用例：新增、编辑、删除店铺-----
[2020-07-07 19:50:25,037] - INFO: 驱动app打开成功...
[2020-07-07 19:50:55,305] - INFO: 登录成功，进入首页...
[2020-07-07 19:50:55,307] - INFO: 验证新增店铺
[2020-07-07 19:51:13,279] - INFO: 验证编辑店铺
[2020-07-07 19:51:25,255] - INFO: 验证删除店铺
[2020-07-07 19:51:34,233] - INFO: ========测试完成========
[2020-07-07 19:52:24,401] - INFO: ========初始化测试环境========
[2020-07-07 19:52:24,572] - INFO: 获取设备系统版本号成功...
[2020-07-07 19:52:24,634] - INFO: 获取设备名成功...
[2020-07-07 19:52:24,825] - INFO: 获取被测apk包的appPackage、appActivity成功...
[2020-07-07 19:52:24,825] - INFO: 开始更新desired_caps中的app及手机参数...
[2020-07-07 19:52:24,837] - INFO: desired_caps更新完成...
[2020-07-07 19:52:24,849] - INFO: 检查merchant_20200611_1.5.9.apk应用是否已安装...
[2020-07-07 19:52:25,189] - INFO: 应用已安装...
[2020-07-07 19:52:26,075] - INFO: -----开始执行用例：新增、编辑、删除通用小票-----
[2020-07-07 19:52:36,295] - INFO: 驱动app打开成功...
[2020-07-07 19:53:06,655] - INFO: 登录成功，进入首页...
[2020-07-07 19:53:06,656] - INFO: 验证新增通用小票
[2020-07-07 19:53:22,572] - INFO: 验证编辑通用小票
[2020-07-07 19:53:37,026] - INFO: 验证删除通用小票
[2020-07-07 19:53:46,076] - INFO: ========测试完成========
[2020-07-07 19:54:27,280] - INFO: ========初始化测试环境========
[2020-07-07 19:54:27,398] - INFO: 获取设备系统版本号成功...
[2020-07-07 19:54:27,456] - INFO: 获取设备名成功...
[2020-07-07 19:54:27,528] - INFO: 获取被测apk包的appPackage、appActivity成功...
[2020-07-07 19:54:27,528] - INFO: 开始更新desired_caps中的app及手机参数...
[2020-07-07 19:54:27,539] - INFO: desired_caps更新完成...
[2020-07-07 19:54:27,545] - INFO: 检查merchant_20200611_1.5.9.apk应用是否已安装...
[2020-07-07 19:54:27,844] - INFO: 应用已安装...
[2020-07-07 19:54:28,555] - INFO: -----开始执行用例：新增、编辑、删除限时优惠-----
[2020-07-07 19:54:35,937] - INFO: 驱动app打开成功...
[2020-07-07 19:55:06,184] - INFO: 登录成功，进入首页...
[2020-07-07 19:55:06,185] - INFO: 验证新增限时优惠
[2020-07-07 19:55:40,408] - INFO: 验证编辑限时优惠
[2020-07-07 19:55:52,908] - INFO: 验证删除限时优惠
[2020-07-07 19:56:00,719] - INFO: ========测试完成========
[2020-07-07 19:56:57,672] - INFO: ========初始化测试环境========
[2020-07-07 19:56:57,792] - INFO: 获取设备系统版本号成功...
[2020-07-07 19:56:57,850] - INFO: 获取设备名成功...
[2020-07-07 19:56:57,920] - INFO: 获取被测apk包的appPackage、appActivity成功...
[2020-07-07 19:56:57,920] - INFO: 开始更新desired_caps中的app及手机参数...
[2020-07-07 19:56:57,930] - INFO: desired_caps更新完成...
[2020-07-07 19:56:57,936] - INFO: 检查merchant_20200611_1.5.9.apk应用是否已安装...
[2020-07-07 19:56:58,235] - INFO: 应用已安装...
[2020-07-07 19:56:58,868] - INFO: -----开始执行用例：新增、编辑、删除人员-----
[2020-07-07 19:57:06,652] - INFO: 驱动app打开成功...
[2020-07-07 19:57:37,410] - INFO: 登录成功，进入首页...
[2020-07-07 19:57:37,411] - INFO: 验证新增人员
[2020-07-07 19:57:59,942] - INFO: 验证编辑人员
[2020-07-07 19:58:08,840] - INFO: 验证删除人员
[2020-07-07 19:58:13,785] - INFO: ========测试完成========
[2020-07-07 19:59:13,820] - INFO: ========初始化测试环境========
[2020-07-07 19:59:13,934] - INFO: 获取设备系统版本号成功...
[2020-07-07 19:59:13,978] - INFO: 获取设备名成功...
[2020-07-07 19:59:14,045] - INFO: 获取被测apk包的appPackage、appActivity成功...
[2020-07-07 19:59:14,046] - INFO: 开始更新desired_caps中的app及手机参数...
[2020-07-07 19:59:14,055] - INFO: desired_caps更新完成...
[2020-07-07 19:59:14,062] - INFO: 检查merchant_20200611_1.5.9.apk应用是否已安装...
[2020-07-07 19:59:14,365] - INFO: 应用已安装...
[2020-07-07 19:59:15,031] - INFO: -----开始执行用例：新增、编辑、删除设备-----
[2020-07-07 19:59:22,963] - INFO: 驱动app打开成功...
[2020-07-07 19:59:53,786] - INFO: 登录成功，进入首页...
[2020-07-07 19:59:53,787] - INFO: 验证新增设备
[2020-07-07 20:00:47,617] - ERROR: 获取可视元素失败：Message: 

[2020-07-07 20:00:47,742] - INFO: 验证搜索设备、编辑设备
[2020-07-07 20:01:15,087] - ERROR: 获取可视元素失败：Message: 

[2020-07-07 20:01:15,106] - INFO: 验证设备详情页-高级设置
[2020-07-07 20:01:42,413] - ERROR: 获取可视元素失败：Message: 

[2020-07-07 20:01:42,428] - INFO: 验证删除设备
[2020-07-07 20:02:09,744] - ERROR: 获取可视元素失败：Message: 

[2020-07-07 20:02:14,841] - INFO: ========测试完成========
[2020-07-07 20:02:44,075] - INFO: ========初始化测试环境========
[2020-07-07 20:02:44,188] - INFO: 获取设备系统版本号成功...
[2020-07-07 20:02:44,246] - INFO: 获取设备名成功...
[2020-07-07 20:02:44,323] - INFO: 获取被测apk包的appPackage、appActivity成功...
[2020-07-07 20:02:44,323] - INFO: 开始更新desired_caps中的app及手机参数...
[2020-07-07 20:02:44,334] - INFO: desired_caps更新完成...
[2020-07-07 20:02:44,339] - INFO: 检查merchant_20200611_1.5.9.apk应用是否已安装...
[2020-07-07 20:02:44,684] - INFO: 应用已安装...
[2020-07-07 20:02:45,300] - INFO: -----开始执行用例：新增、编辑、删除设备-----
[2020-07-07 20:02:54,310] - INFO: 驱动app打开成功...
[2020-07-07 20:03:24,845] - INFO: 登录成功，进入首页...
[2020-07-07 20:03:24,846] - INFO: 验证新增设备
[2020-07-07 20:05:30,256] - INFO: 验证搜索设备、编辑设备
[2020-07-07 20:05:45,681] - INFO: 验证设备详情页-高级设置
[2020-07-07 20:06:10,011] - INFO: 验证删除设备
[2020-07-07 20:06:13,927] - INFO: ========测试完成========
[2020-07-07 20:06:42,337] - INFO: ========初始化测试环境========
[2020-07-07 20:06:42,510] - INFO: 获取设备系统版本号成功...
[2020-07-07 20:06:42,561] - INFO: 获取设备名成功...
[2020-07-07 20:06:42,748] - INFO: 获取被测apk包的appPackage、appActivity成功...
[2020-07-07 20:06:42,749] - INFO: 开始更新desired_caps中的app及手机参数...
[2020-07-07 20:06:42,759] - INFO: desired_caps更新完成...
[2020-07-07 20:06:42,765] - INFO: 检查merchant_20200611_1.5.9.apk应用是否已安装...
[2020-07-07 20:06:43,073] - INFO: 应用已安装...
[2020-07-07 20:06:43,936] - INFO: -----开始执行用例：首页-----
[2020-07-07 20:06:53,131] - INFO: 驱动app打开成功...
[2020-07-07 20:07:23,724] - INFO: 登录成功，进入首页...
[2020-07-07 20:07:23,724] - INFO: 验证首页-当月收益导出功能
[2020-07-07 20:07:28,916] - INFO: -----开始执行用例：首页-----
[2020-07-07 20:07:37,828] - INFO: 驱动app打开成功...
[2020-07-07 20:08:09,152] - INFO: 登录成功，进入首页...
[2020-07-07 20:08:09,153] - INFO: 验证首页-今日收益导出功能
[2020-07-07 20:08:14,558] - INFO: -----开始执行用例：首页-----
[2020-07-07 20:08:23,315] - INFO: 驱动app打开成功...
[2020-07-07 20:08:53,289] - INFO: 登录成功，进入首页...
[2020-07-07 20:08:53,290] - INFO: 验证首页-总收益导出功能
[2020-07-07 20:08:59,990] - INFO: ========测试完成========
