[2020-04-17 11:22:52,460] - INFO: ---获取设备系统版本号成功---
[2020-04-17 11:22:52,515] - INFO: ---获取设备名成功---
[2020-04-17 11:22:52,736] - INFO: 开始更新desired_caps中的app及手机参数...
[2020-04-17 11:22:52,749] - INFO: ---desired_caps更新完成---
[2020-04-17 11:28:56,113] - INFO: ---获取设备系统版本号成功---
[2020-04-17 11:28:56,168] - INFO: ---获取设备名成功---
[2020-04-17 11:28:56,413] - INFO: 开始更新desired_caps中的app及手机参数...
[2020-04-17 11:28:56,439] - INFO: ---desired_caps更新完成---
[2020-04-17 11:40:31,493] - INFO: ---获取设备系统版本号成功---
[2020-04-17 11:40:31,538] - INFO: ---获取设备名成功---
[2020-04-17 11:40:31,760] - INFO: 开始更新desired_caps中的app及手机参数...
[2020-04-17 11:40:31,771] - INFO: ---desired_caps更新完成---
[2020-04-17 11:42:21,525] - INFO: ---获取设备系统版本号成功---
[2020-04-17 11:42:21,566] - INFO: ---获取设备名成功---
[2020-04-17 11:42:21,631] - INFO: 开始更新desired_caps中的app及手机参数...
[2020-04-17 11:42:21,641] - INFO: ---desired_caps更新完成---
[2020-04-17 11:59:27,425] - INFO: ---获取设备系统版本号成功---
[2020-04-17 11:59:27,479] - INFO: ---获取设备名成功---
[2020-04-17 11:59:27,543] - INFO: 开始更新desired_caps中的app及手机参数...
[2020-04-17 11:59:27,554] - INFO: ---desired_caps更新完成---
[2020-04-17 19:23:08,330] - INFO: ---获取设备系统版本号成功---
[2020-04-17 19:23:08,435] - INFO: ---获取设备名成功---
[2020-04-17 19:23:08,672] - INFO: ---获取被测apk包的appPackage、appActivity成功---
[2020-04-17 19:23:08,672] - INFO: 开始更新desired_caps中的app及手机参数...
[2020-04-17 19:23:08,684] - INFO: ---desired_caps更新完成---
[2020-04-17 19:23:08,690] - INFO: 检查merchant_20200410_1.5.5.apk应用是否已安装...
[2020-04-17 19:23:09,001] - INFO: ---应用已安装---
[2020-04-17 19:23:20,787] - INFO: ---驱动app打开成功---
