[2020-07-08 09:44:21,358] - INFO: ========初始化测试环境========
[2020-07-08 09:44:21,534] - INFO: 获取设备系统版本号成功...
[2020-07-08 09:44:21,608] - INFO: 获取设备名成功...
[2020-07-08 09:44:21,809] - INFO: 获取被测apk包的appPackage、appActivity成功...
[2020-07-08 09:44:21,818] - INFO: 开始更新desired_caps中的app及手机参数...
[2020-07-08 09:44:21,830] - INFO: desired_caps更新完成...
[2020-07-08 09:44:21,835] - INFO: 检查merchant_20200707_1.6.1.apk应用是否已安装...
[2020-07-08 09:44:22,165] - INFO: 应用已安装...
[2020-07-08 09:44:23,000] - INFO: -----开始执行用例：新增、编辑、删除限时优惠-----
[2020-07-08 09:44:32,870] - INFO: 驱动app打开成功...
[2020-07-08 09:45:02,838] - INFO: 登录成功，进入首页...
[2020-07-08 09:45:02,839] - INFO: 验证新增限时优惠
[2020-07-08 09:45:34,225] - INFO: 验证编辑限时优惠
[2020-07-08 09:45:45,286] - INFO: 验证删除限时优惠
[2020-07-08 09:45:52,939] - INFO: ========测试完成========
[2020-07-08 14:21:08,199] - INFO: ========初始化测试环境========
[2020-07-08 14:21:08,356] - INFO: 获取设备系统版本号成功...
[2020-07-08 14:21:08,401] - INFO: 获取设备名成功...
[2020-07-08 14:21:08,601] - INFO: 获取被测apk包的appPackage、appActivity成功...
[2020-07-08 14:21:08,601] - INFO: 开始更新desired_caps中的app及手机参数...
[2020-07-08 14:21:08,612] - INFO: desired_caps更新完成...
[2020-07-08 14:21:08,618] - INFO: 检查merchant_20200707_1.6.1.apk应用是否已安装...
[2020-07-08 14:21:08,919] - INFO: 应用已安装...
[2020-07-08 14:21:09,618] - INFO: -----开始执行用例：新增、编辑、删除设备-----
[2020-07-08 14:21:18,363] - INFO: 驱动app打开成功...
[2020-07-08 14:21:48,524] - INFO: 登录成功，进入首页...
[2020-07-08 14:21:48,526] - INFO: 验证新增设备
[2020-07-08 14:22:51,100] - INFO: 验证搜索设备、编辑设备
[2020-07-08 14:23:18,658] - ERROR: 获取可视元素失败：Message: 

[2020-07-08 14:23:18,745] - INFO: 验证设备详情页-高级设置
[2020-07-08 14:23:45,936] - ERROR: 获取可视元素失败：Message: 

[2020-07-08 14:23:45,950] - INFO: 验证删除设备
[2020-07-08 14:24:13,222] - ERROR: 获取可视元素失败：Message: 

[2020-07-08 14:24:13,997] - INFO: ========测试完成========
[2020-07-08 15:38:39,859] - INFO: ========初始化测试环境========
[2020-07-08 15:38:40,086] - INFO: 获取设备系统版本号成功...
[2020-07-08 15:38:40,154] - INFO: 获取设备名成功...
[2020-07-08 15:38:40,403] - INFO: 获取被测apk包的appPackage、appActivity成功...
[2020-07-08 15:38:40,403] - INFO: 开始更新desired_caps中的app及手机参数...
[2020-07-08 15:38:40,414] - INFO: desired_caps更新完成...
[2020-07-08 15:38:40,420] - INFO: 检查merchant_20200707_1.6.1.apk应用是否已安装...
[2020-07-08 15:38:40,770] - INFO: 应用已安装...
[2020-07-08 15:38:41,580] - INFO: -----开始执行用例：新增、编辑、删除设备-----
[2020-07-08 15:38:52,128] - INFO: 驱动app打开成功...
[2020-07-08 15:39:22,301] - INFO: 登录成功，进入首页...
[2020-07-08 15:39:22,302] - INFO: 验证新增设备
[2020-07-08 15:40:27,724] - INFO: 验证搜索设备、编辑设备
[2020-07-08 15:40:55,446] - ERROR: 获取可视元素失败：Message: 

[2020-07-08 15:40:55,465] - INFO: 验证设备详情页-高级设置
[2020-07-08 15:41:23,279] - ERROR: 获取可视元素失败：Message: 

[2020-07-08 15:41:23,294] - INFO: 验证删除设备
[2020-07-08 15:41:50,517] - ERROR: 获取可视元素失败：Message: 

[2020-07-08 15:41:51,345] - INFO: ========测试完成========
[2020-07-08 15:56:45,921] - INFO: ========初始化测试环境========
[2020-07-08 15:56:46,099] - INFO: 获取设备系统版本号成功...
[2020-07-08 15:56:46,164] - INFO: 获取设备名成功...
[2020-07-08 15:56:46,434] - INFO: 获取被测apk包的appPackage、appActivity成功...
[2020-07-08 15:56:46,435] - INFO: 开始更新desired_caps中的app及手机参数...
[2020-07-08 15:56:46,446] - INFO: desired_caps更新完成...
[2020-07-08 15:56:46,452] - INFO: 检查merchant_20200707_1.6.1.apk应用是否已安装...
[2020-07-08 15:56:46,807] - INFO: 应用已安装...
[2020-07-08 15:56:47,643] - INFO: -----开始执行用例：新增、编辑、删除设备-----
[2020-07-08 15:56:57,492] - INFO: 驱动app打开成功...
[2020-07-08 15:57:27,488] - INFO: 登录成功，进入首页...
[2020-07-08 15:57:27,489] - INFO: 验证新增设备
[2020-07-08 15:58:33,141] - INFO: 验证搜索设备、编辑设备
[2020-07-08 15:59:00,696] - ERROR: 获取可视元素失败：Message: 

[2020-07-08 15:59:00,716] - INFO: 验证设备详情页-高级设置
[2020-07-08 15:59:27,579] - ERROR: 获取可视元素失败：Message: 

[2020-07-08 15:59:27,594] - INFO: 验证删除设备
[2020-07-08 15:59:54,907] - ERROR: 获取可视元素失败：Message: 

[2020-07-08 15:59:55,464] - INFO: ========测试完成========
[2020-07-08 16:06:13,111] - INFO: ========初始化测试环境========
[2020-07-08 16:06:13,272] - INFO: 获取设备系统版本号成功...
[2020-07-08 16:06:13,334] - INFO: 获取设备名成功...
[2020-07-08 16:06:13,531] - INFO: 获取被测apk包的appPackage、appActivity成功...
[2020-07-08 16:06:13,532] - INFO: 开始更新desired_caps中的app及手机参数...
[2020-07-08 16:06:13,549] - INFO: desired_caps更新完成...
[2020-07-08 16:06:13,556] - INFO: 检查merchant_20200707_1.6.1.apk应用是否已安装...
[2020-07-08 16:06:13,887] - INFO: 应用已安装...
[2020-07-08 16:06:14,594] - INFO: -----开始执行用例：新增、编辑、删除设备-----
[2020-07-08 16:06:25,318] - INFO: 驱动app打开成功...
[2020-07-08 16:06:55,962] - INFO: 登录成功，进入首页...
[2020-07-08 16:06:55,963] - INFO: 验证新增设备
[2020-07-08 16:07:44,382] - INFO: 验证搜索设备、编辑设备
[2020-07-08 16:08:11,891] - ERROR: 获取可视元素失败：Message: 

[2020-07-08 16:08:11,916] - INFO: 验证设备详情页-高级设置
[2020-07-08 16:08:39,082] - ERROR: 获取可视元素失败：Message: 

[2020-07-08 16:08:39,096] - INFO: 验证删除设备
[2020-07-08 16:09:06,300] - ERROR: 获取可视元素失败：Message: 

[2020-07-08 16:09:06,907] - INFO: ========测试完成========
[2020-07-08 16:13:16,296] - INFO: ========初始化测试环境========
[2020-07-08 16:13:16,476] - INFO: 获取设备系统版本号成功...
[2020-07-08 16:13:16,528] - INFO: 获取设备名成功...
[2020-07-08 16:13:16,726] - INFO: 获取被测apk包的appPackage、appActivity成功...
[2020-07-08 16:13:16,727] - INFO: 开始更新desired_caps中的app及手机参数...
[2020-07-08 16:13:16,739] - INFO: desired_caps更新完成...
[2020-07-08 16:13:16,744] - INFO: 检查merchant_20200707_1.6.1.apk应用是否已安装...
[2020-07-08 16:13:17,097] - INFO: 应用已安装...
[2020-07-08 16:13:17,912] - INFO: -----开始执行用例：新增、编辑、删除设备-----
[2020-07-08 16:13:28,198] - INFO: 驱动app打开成功...
[2020-07-08 16:14:02,115] - ERROR: 获取存在元素失败：Message: 

[2020-07-08 16:14:02,115] - ERROR: 进入首页失败：'NoneType' object has no attribute 'click'，终止用例执行！！！
[2020-07-08 16:14:02,571] - INFO: -----开始执行用例：新增、编辑、删除设备-----
[2020-07-08 16:14:12,740] - INFO: 驱动app打开成功...
[2020-07-08 16:22:02,976] - INFO: ========初始化测试环境========
[2020-07-08 16:22:03,283] - INFO: 获取设备系统版本号成功...
[2020-07-08 16:22:03,342] - INFO: 获取设备名成功...
[2020-07-08 16:22:03,575] - INFO: 获取被测apk包的appPackage、appActivity成功...
[2020-07-08 16:22:03,575] - INFO: 开始更新desired_caps中的app及手机参数...
[2020-07-08 16:22:03,596] - INFO: desired_caps更新完成...
[2020-07-08 16:22:03,608] - INFO: 检查merchant_20200707_1.6.1.apk应用是否已安装...
[2020-07-08 16:22:03,929] - INFO: 应用已安装...
[2020-07-08 16:22:04,716] - INFO: -----开始执行用例：新增、编辑、删除设备-----
[2020-07-08 16:22:16,088] - INFO: 驱动app打开成功...
[2020-07-08 16:22:46,359] - INFO: 登录成功，进入首页...
[2020-07-08 16:22:46,360] - INFO: 验证新增设备
[2020-07-08 16:23:53,894] - INFO: 验证搜索设备、编辑设备
[2020-07-08 16:24:10,481] - INFO: 验证设备详情页-高级设置
[2020-07-08 16:24:33,511] - INFO: 验证删除设备
[2020-07-08 16:24:36,699] - INFO: ========测试完成========
[2020-07-08 20:17:40,377] - INFO: ========初始化测试环境========
[2020-07-08 20:17:40,575] - INFO: 获取设备系统版本号成功...
[2020-07-08 20:17:40,625] - INFO: 获取设备名成功...
[2020-07-08 20:17:40,855] - INFO: 获取被测apk包的appPackage、appActivity成功...
[2020-07-08 20:17:40,856] - INFO: 开始更新desired_caps中的app及手机参数...
[2020-07-08 20:17:40,878] - INFO: desired_caps更新完成...
[2020-07-08 20:17:40,887] - INFO: 检查merchant_20200707_1.6.1.apk应用是否已安装...
[2020-07-08 20:17:41,188] - INFO: 应用已安装...
[2020-07-08 20:17:41,583] - INFO: ========测试完成========
[2020-07-08 20:18:41,247] - INFO: ========初始化测试环境========
[2020-07-08 20:18:41,376] - INFO: 获取设备系统版本号成功...
[2020-07-08 20:18:41,422] - INFO: 获取设备名成功...
[2020-07-08 20:18:41,490] - INFO: 获取被测apk包的appPackage、appActivity成功...
[2020-07-08 20:18:41,491] - INFO: 开始更新desired_caps中的app及手机参数...
[2020-07-08 20:18:41,502] - INFO: desired_caps更新完成...
[2020-07-08 20:18:41,507] - INFO: 检查merchant_20200707_1.6.1.apk应用是否已安装...
[2020-07-08 20:18:41,812] - INFO: 应用已安装...
[2020-07-08 20:18:42,621] - INFO: -----开始执行用例：批量修改、批量启动设备-----
[2020-07-08 20:18:52,576] - INFO: 驱动app打开成功...
[2020-07-08 20:19:23,463] - INFO: 登录成功，进入首页...
[2020-07-08 20:19:23,463] - INFO: 验证批量修改设备
[2020-07-08 20:20:10,877] - ERROR: 获取可视元素失败：Message: 

[2020-07-08 20:20:11,350] - INFO: ========测试完成========
[2020-07-08 20:25:01,226] - INFO: ========初始化测试环境========
[2020-07-08 20:25:01,373] - INFO: 获取设备系统版本号成功...
[2020-07-08 20:25:01,427] - INFO: 获取设备名成功...
[2020-07-08 20:25:01,638] - INFO: 获取被测apk包的appPackage、appActivity成功...
[2020-07-08 20:25:01,639] - INFO: 开始更新desired_caps中的app及手机参数...
[2020-07-08 20:25:01,649] - INFO: desired_caps更新完成...
[2020-07-08 20:25:01,654] - INFO: 检查merchant_20200707_1.6.1.apk应用是否已安装...
[2020-07-08 20:25:01,939] - INFO: 应用已安装...
[2020-07-08 20:25:02,726] - INFO: -----开始执行用例：批量修改、批量启动设备-----
[2020-07-08 20:25:12,109] - INFO: 驱动app打开成功...
[2020-07-08 20:25:42,463] - INFO: 登录成功，进入首页...
[2020-07-08 20:25:42,463] - INFO: 验证批量修改设备
[2020-07-08 20:26:25,013] - ERROR: 获取可视元素失败：Message: 

[2020-07-08 20:26:25,503] - INFO: ========测试完成========
[2020-07-08 20:29:17,748] - INFO: ========初始化测试环境========
[2020-07-08 20:29:17,881] - INFO: 获取设备系统版本号成功...
[2020-07-08 20:29:17,935] - INFO: 获取设备名成功...
[2020-07-08 20:29:18,007] - INFO: 获取被测apk包的appPackage、appActivity成功...
[2020-07-08 20:29:18,008] - INFO: 开始更新desired_caps中的app及手机参数...
[2020-07-08 20:29:18,019] - INFO: desired_caps更新完成...
[2020-07-08 20:29:18,025] - INFO: 检查merchant_20200707_1.6.1.apk应用是否已安装...
[2020-07-08 20:29:18,328] - INFO: 应用已安装...
[2020-07-08 20:29:18,827] - INFO: -----开始执行用例：批量修改、批量启动设备-----
[2020-07-08 20:29:26,593] - INFO: 驱动app打开成功...
[2020-07-08 20:29:57,391] - INFO: 登录成功，进入首页...
[2020-07-08 20:29:57,392] - INFO: 验证批量修改设备
[2020-07-08 20:30:41,935] - ERROR: 获取可视元素失败：Message: 

[2020-07-08 20:30:42,534] - INFO: ========测试完成========
[2020-07-08 20:34:55,879] - INFO: ========初始化测试环境========
[2020-07-08 20:34:56,020] - INFO: 获取设备系统版本号成功...
[2020-07-08 20:34:56,068] - INFO: 获取设备名成功...
[2020-07-08 20:34:56,152] - INFO: 获取被测apk包的appPackage、appActivity成功...
[2020-07-08 20:34:56,152] - INFO: 开始更新desired_caps中的app及手机参数...
[2020-07-08 20:34:56,164] - INFO: desired_caps更新完成...
[2020-07-08 20:34:56,169] - INFO: 检查merchant_20200707_1.6.1.apk应用是否已安装...
[2020-07-08 20:34:56,503] - INFO: 应用已安装...
[2020-07-08 20:34:57,081] - INFO: -----开始执行用例：批量修改、批量启动设备-----
[2020-07-08 20:35:04,832] - INFO: 驱动app打开成功...
[2020-07-08 20:35:34,920] - INFO: 登录成功，进入首页...
[2020-07-08 20:35:34,921] - INFO: 验证批量修改设备
[2020-07-08 20:36:16,452] - ERROR: 获取可视元素失败：Message: 

[2020-07-08 20:36:16,878] - INFO: ========测试完成========
[2020-07-08 20:36:59,015] - INFO: ========初始化测试环境========
[2020-07-08 20:36:59,172] - INFO: 获取设备系统版本号成功...
[2020-07-08 20:36:59,230] - INFO: 获取设备名成功...
[2020-07-08 20:36:59,306] - INFO: 获取被测apk包的appPackage、appActivity成功...
[2020-07-08 20:36:59,307] - INFO: 开始更新desired_caps中的app及手机参数...
[2020-07-08 20:36:59,318] - INFO: desired_caps更新完成...
[2020-07-08 20:36:59,323] - INFO: 检查merchant_20200707_1.6.1.apk应用是否已安装...
[2020-07-08 20:36:59,690] - INFO: 应用已安装...
[2020-07-08 20:37:00,256] - INFO: -----开始执行用例：批量修改、批量启动设备-----
[2020-07-08 20:37:09,590] - INFO: 驱动app打开成功...
[2020-07-08 20:37:38,950] - INFO: 登录成功，进入首页...
[2020-07-08 20:37:38,951] - INFO: 验证批量修改设备
[2020-07-08 20:38:20,587] - ERROR: 获取可视元素失败：Message: 

[2020-07-08 20:38:21,216] - INFO: ========测试完成========
