[2020-07-09 09:44:37,855] - INFO: ========初始化测试环境========
[2020-07-09 09:44:38,034] - INFO: 获取设备系统版本号成功...
[2020-07-09 09:44:38,088] - INFO: 获取设备名成功...
[2020-07-09 09:44:38,315] - INFO: 获取被测apk包的appPackage、appActivity成功...
[2020-07-09 09:44:38,316] - INFO: 开始更新desired_caps中的app及手机参数...
[2020-07-09 09:44:38,345] - INFO: desired_caps更新完成...
[2020-07-09 09:44:38,358] - INFO: 检查merchant_20200707_1.6.1.apk应用是否已安装...
[2020-07-09 09:44:38,708] - INFO: 应用已安装...
[2020-07-09 09:44:39,400] - INFO: -----开始执行用例：批量修改、批量启动设备-----
[2020-07-09 09:44:44,500] - ERROR: 驱动app打开失败：HTTPConnectionPool(host='127.0.0.1', port=4723): Max retries exceeded with url: /wd/hub/session (Caused by NewConnectionError('<urllib3.connection.HTTPConnection object at 0x038487B0>: Failed to establish a new connection: [WinError 10061] 由于目标计算机积极拒绝，无法连接。'))
[2020-07-09 09:44:46,505] - ERROR: 进入首页失败：'NoneType' object has no attribute 'swipe'，终止用例执行！！！
[2020-07-09 09:44:46,660] - INFO: ========测试完成========
[2020-07-09 09:49:30,536] - INFO: 驱动app打开成功...
[2020-07-09 09:49:53,567] - ERROR: Appium服务未开启！！！
[2020-07-09 09:50:38,482] - ERROR: Appium服务未开启！！！
[2020-07-09 09:52:29,294] - ERROR: 驱动app打开失败：HTTPConnectionPool(host='127.0.0.1', port=4723): Max retries exceeded with url: /wd/hub/session (Caused by NewConnectionError('<urllib3.connection.HTTPConnection object at 0x02C560B0>: Failed to establish a new connection: [WinError 10061] 由于目标计算机积极拒绝，无法连接。'))
[2020-07-09 09:57:34,688] - INFO: ========初始化测试环境========
[2020-07-09 09:57:34,868] - INFO: 获取设备系统版本号成功...
[2020-07-09 09:57:34,927] - INFO: 获取设备名成功...
[2020-07-09 09:57:35,125] - INFO: 获取被测apk包的appPackage、appActivity成功...
[2020-07-09 09:57:35,125] - INFO: 开始更新desired_caps中的app及手机参数...
[2020-07-09 09:57:35,144] - INFO: desired_caps更新完成...
[2020-07-09 09:57:35,151] - INFO: 检查merchant_20200707_1.6.1.apk应用是否已安装...
[2020-07-09 09:57:35,525] - INFO: 应用已安装...
[2020-07-09 09:57:36,238] - INFO: -----开始执行用例：批量修改、批量启动设备-----
[2020-07-09 09:57:46,273] - INFO: 驱动app打开成功...
[2020-07-09 09:58:15,837] - INFO: 登录成功，进入首页...
[2020-07-09 09:58:15,838] - INFO: 验证批量修改设备
[2020-07-09 09:58:56,451] - ERROR: 获取可视元素失败：Message: 

[2020-07-09 09:58:57,083] - INFO: ========测试完成========
[2020-07-09 10:07:58,280] - INFO: ========初始化测试环境========
[2020-07-09 10:07:58,463] - INFO: 获取设备系统版本号成功...
[2020-07-09 10:07:58,516] - INFO: 获取设备名成功...
[2020-07-09 10:07:58,717] - INFO: 获取被测apk包的appPackage、appActivity成功...
[2020-07-09 10:07:58,718] - INFO: 开始更新desired_caps中的app及手机参数...
[2020-07-09 10:07:58,735] - INFO: desired_caps更新完成...
[2020-07-09 10:07:58,743] - INFO: 检查merchant_20200707_1.6.1.apk应用是否已安装...
[2020-07-09 10:07:59,067] - INFO: 应用已安装...
[2020-07-09 10:07:59,829] - INFO: -----开始执行用例：批量修改、批量启动设备-----
[2020-07-09 10:08:09,572] - INFO: 驱动app打开成功...
[2020-07-09 10:08:42,423] - INFO: 登录成功，进入首页...
[2020-07-09 10:08:42,467] - INFO: 验证批量修改设备
[2020-07-09 10:09:27,783] - ERROR: 获取可视元素失败：Message: 

[2020-07-09 10:09:28,434] - INFO: ========测试完成========
[2020-07-09 10:23:59,166] - INFO: ========初始化测试环境========
[2020-07-09 10:23:59,342] - INFO: 获取设备系统版本号成功...
[2020-07-09 10:23:59,388] - INFO: 获取设备名成功...
[2020-07-09 10:23:59,600] - INFO: 获取被测apk包的appPackage、appActivity成功...
[2020-07-09 10:23:59,601] - INFO: 开始更新desired_caps中的app及手机参数...
[2020-07-09 10:23:59,629] - INFO: desired_caps更新完成...
[2020-07-09 10:23:59,638] - INFO: 检查merchant_20200707_1.6.1.apk应用是否已安装...
[2020-07-09 10:23:59,937] - INFO: 应用已安装...
[2020-07-09 10:24:00,761] - INFO: -----开始执行用例：批量修改、批量启动设备-----
[2020-07-09 10:24:11,008] - INFO: 驱动app打开成功...
[2020-07-09 10:24:45,408] - INFO: 登录成功，进入首页...
[2020-07-09 10:24:45,455] - INFO: 验证批量修改设备
[2020-07-09 10:25:32,867] - ERROR: 获取可视元素失败：Message: 

[2020-07-09 10:25:33,693] - INFO: ========测试完成========
[2020-07-09 10:35:52,404] - INFO: ========初始化测试环境========
[2020-07-09 10:35:52,597] - INFO: 获取设备系统版本号成功...
[2020-07-09 10:35:52,654] - INFO: 获取设备名成功...
[2020-07-09 10:35:52,879] - INFO: 获取被测apk包的appPackage、appActivity成功...
[2020-07-09 10:35:52,880] - INFO: 开始更新desired_caps中的app及手机参数...
[2020-07-09 10:35:52,913] - INFO: desired_caps更新完成...
[2020-07-09 10:35:52,920] - INFO: 检查merchant_20200707_1.6.1.apk应用是否已安装...
[2020-07-09 10:35:53,218] - INFO: 应用已安装...
[2020-07-09 10:35:53,976] - INFO: -----开始执行用例：批量修改、批量启动设备-----
[2020-07-09 10:36:03,684] - INFO: 驱动app打开成功...
[2020-07-09 10:36:34,392] - INFO: 登录成功，进入首页...
[2020-07-09 10:36:34,393] - INFO: 验证批量修改设备
[2020-07-09 10:37:18,216] - ERROR: 获取可视元素失败：Message: 

[2020-07-09 10:37:18,780] - INFO: ========测试完成========
[2020-07-09 10:38:54,699] - INFO: ========初始化测试环境========
[2020-07-09 10:38:54,897] - INFO: 获取设备系统版本号成功...
[2020-07-09 10:38:54,955] - INFO: 获取设备名成功...
[2020-07-09 10:38:55,201] - INFO: 获取被测apk包的appPackage、appActivity成功...
[2020-07-09 10:38:55,202] - INFO: 开始更新desired_caps中的app及手机参数...
[2020-07-09 10:38:55,214] - INFO: desired_caps更新完成...
[2020-07-09 10:38:55,220] - INFO: 检查merchant_20200707_1.6.1.apk应用是否已安装...
[2020-07-09 10:38:55,551] - INFO: 应用已安装...
[2020-07-09 10:38:56,433] - INFO: -----开始执行用例：批量修改、批量启动设备-----
[2020-07-09 10:39:05,256] - INFO: 驱动app打开成功...
[2020-07-09 10:39:35,829] - INFO: 登录成功，进入首页...
[2020-07-09 10:39:35,830] - INFO: 验证批量修改设备
[2020-07-09 10:39:59,086] - INFO: ========测试完成========
[2020-07-09 10:43:14,284] - INFO: ========初始化测试环境========
[2020-07-09 10:43:14,474] - INFO: 获取设备系统版本号成功...
[2020-07-09 10:43:14,520] - INFO: 获取设备名成功...
[2020-07-09 10:43:14,723] - INFO: 获取被测apk包的appPackage、appActivity成功...
[2020-07-09 10:43:14,723] - INFO: 开始更新desired_caps中的app及手机参数...
[2020-07-09 10:43:14,747] - INFO: desired_caps更新完成...
[2020-07-09 10:43:14,757] - INFO: 检查merchant_20200707_1.6.1.apk应用是否已安装...
[2020-07-09 10:43:15,049] - INFO: 应用已安装...
[2020-07-09 10:43:15,741] - INFO: -----开始执行用例：批量修改、批量启动设备-----
[2020-07-09 10:43:26,117] - INFO: 驱动app打开成功...
[2020-07-09 10:43:56,798] - INFO: 登录成功，进入首页...
[2020-07-09 10:43:56,799] - INFO: 验证批量修改设备
[2020-07-09 10:44:19,716] - INFO: ========测试完成========
[2020-07-09 10:45:15,014] - INFO: ========初始化测试环境========
[2020-07-09 10:45:15,192] - INFO: 获取设备系统版本号成功...
[2020-07-09 10:45:15,251] - INFO: 获取设备名成功...
[2020-07-09 10:45:15,449] - INFO: 获取被测apk包的appPackage、appActivity成功...
[2020-07-09 10:45:15,449] - INFO: 开始更新desired_caps中的app及手机参数...
[2020-07-09 10:45:15,462] - INFO: desired_caps更新完成...
[2020-07-09 10:45:15,467] - INFO: 检查merchant_20200707_1.6.1.apk应用是否已安装...
[2020-07-09 10:45:15,782] - INFO: 应用已安装...
[2020-07-09 10:45:16,358] - INFO: -----开始执行用例：批量修改、批量启动设备-----
[2020-07-09 10:45:24,180] - INFO: 驱动app打开成功...
[2020-07-09 10:45:55,026] - INFO: 登录成功，进入首页...
[2020-07-09 10:45:55,027] - INFO: 验证批量修改设备
[2020-07-09 10:46:18,625] - INFO: ========测试完成========
[2020-07-09 10:47:00,159] - INFO: ========初始化测试环境========
[2020-07-09 10:47:00,320] - INFO: 获取设备系统版本号成功...
[2020-07-09 10:47:00,368] - INFO: 获取设备名成功...
[2020-07-09 10:47:00,607] - INFO: 获取被测apk包的appPackage、appActivity成功...
[2020-07-09 10:47:00,608] - INFO: 开始更新desired_caps中的app及手机参数...
[2020-07-09 10:47:00,634] - INFO: desired_caps更新完成...
[2020-07-09 10:47:00,647] - INFO: 检查merchant_20200707_1.6.1.apk应用是否已安装...
[2020-07-09 10:47:00,967] - INFO: 应用已安装...
[2020-07-09 10:47:01,801] - INFO: -----开始执行用例：批量修改、批量启动设备-----
[2020-07-09 10:47:10,944] - INFO: 驱动app打开成功...
[2020-07-09 10:47:41,121] - INFO: 登录成功，进入首页...
[2020-07-09 10:47:41,121] - INFO: 验证批量修改设备
[2020-07-09 10:48:07,360] - INFO: ========测试完成========
[2020-07-09 10:50:29,968] - INFO: ========初始化测试环境========
[2020-07-09 10:50:30,142] - INFO: 获取设备系统版本号成功...
[2020-07-09 10:50:30,197] - INFO: 获取设备名成功...
[2020-07-09 10:50:30,270] - INFO: 获取被测apk包的appPackage、appActivity成功...
[2020-07-09 10:50:30,270] - INFO: 开始更新desired_caps中的app及手机参数...
[2020-07-09 10:50:30,282] - INFO: desired_caps更新完成...
[2020-07-09 10:50:30,289] - INFO: 检查merchant_20200707_1.6.1.apk应用是否已安装...
[2020-07-09 10:50:30,664] - INFO: 应用已安装...
[2020-07-09 10:50:31,289] - INFO: -----开始执行用例：批量修改、批量启动设备-----
[2020-07-09 10:50:39,755] - INFO: 驱动app打开成功...
[2020-07-09 10:51:10,256] - INFO: 登录成功，进入首页...
[2020-07-09 10:51:10,256] - INFO: 验证批量修改设备
[2020-07-09 10:51:35,264] - INFO: ========测试完成========
[2020-07-09 10:57:23,624] - INFO: ========初始化测试环境========
[2020-07-09 10:57:23,795] - INFO: 获取设备系统版本号成功...
[2020-07-09 10:57:23,855] - INFO: 获取设备名成功...
[2020-07-09 10:57:24,052] - INFO: 获取被测apk包的appPackage、appActivity成功...
[2020-07-09 10:57:24,053] - INFO: 开始更新desired_caps中的app及手机参数...
[2020-07-09 10:57:24,065] - INFO: desired_caps更新完成...
[2020-07-09 10:57:24,072] - INFO: 检查merchant_20200707_1.6.1.apk应用是否已安装...
[2020-07-09 10:57:24,399] - INFO: 应用已安装...
[2020-07-09 10:57:25,230] - INFO: -----开始执行用例：批量修改、批量启动设备-----
[2020-07-09 10:57:36,350] - INFO: 驱动app打开成功...
[2020-07-09 10:58:07,171] - INFO: 登录成功，进入首页...
[2020-07-09 10:58:07,171] - INFO: 验证批量修改设备
[2020-07-09 10:58:34,355] - INFO: ========测试完成========
[2020-07-09 11:07:18,263] - INFO: ========初始化测试环境========
[2020-07-09 11:07:18,493] - INFO: 获取设备系统版本号成功...
[2020-07-09 11:07:18,556] - INFO: 获取设备名成功...
[2020-07-09 11:07:18,794] - INFO: 获取被测apk包的appPackage、appActivity成功...
[2020-07-09 11:07:18,795] - INFO: 开始更新desired_caps中的app及手机参数...
[2020-07-09 11:07:18,809] - INFO: desired_caps更新完成...
[2020-07-09 11:07:18,815] - INFO: 检查merchant_20200707_1.6.1.apk应用是否已安装...
[2020-07-09 11:07:19,225] - INFO: 应用已安装...
[2020-07-09 11:07:20,196] - INFO: -----开始执行用例：批量修改、批量启动设备-----
[2020-07-09 11:07:30,835] - INFO: 驱动app打开成功...
[2020-07-09 11:08:01,039] - INFO: 登录成功，进入首页...
[2020-07-09 11:08:01,041] - INFO: 验证批量修改设备
[2020-07-09 11:08:26,697] - INFO: ========测试完成========
[2020-07-09 11:08:40,551] - INFO: ========初始化测试环境========
[2020-07-09 11:08:40,731] - INFO: 获取设备系统版本号成功...
[2020-07-09 11:08:40,792] - INFO: 获取设备名成功...
[2020-07-09 11:08:40,997] - INFO: 获取被测apk包的appPackage、appActivity成功...
[2020-07-09 11:08:40,998] - INFO: 开始更新desired_caps中的app及手机参数...
[2020-07-09 11:08:41,015] - INFO: desired_caps更新完成...
[2020-07-09 11:08:41,023] - INFO: 检查merchant_20200707_1.6.1.apk应用是否已安装...
[2020-07-09 11:08:41,359] - INFO: 应用已安装...
[2020-07-09 11:08:42,109] - INFO: -----开始执行用例：批量修改、批量启动设备-----
[2020-07-09 11:08:52,010] - INFO: 驱动app打开成功...
[2020-07-09 11:09:22,793] - INFO: 登录成功，进入首页...
[2020-07-09 11:09:22,795] - INFO: 验证批量修改设备
[2020-07-09 11:09:48,342] - INFO: ========测试完成========
[2020-07-09 11:10:09,318] - INFO: ========初始化测试环境========
[2020-07-09 11:10:09,499] - INFO: 获取设备系统版本号成功...
[2020-07-09 11:10:09,549] - INFO: 获取设备名成功...
[2020-07-09 11:10:09,743] - INFO: 获取被测apk包的appPackage、appActivity成功...
[2020-07-09 11:10:09,744] - INFO: 开始更新desired_caps中的app及手机参数...
[2020-07-09 11:10:09,756] - INFO: desired_caps更新完成...
[2020-07-09 11:10:09,761] - INFO: 检查merchant_20200707_1.6.1.apk应用是否已安装...
[2020-07-09 11:10:10,087] - INFO: 应用已安装...
[2020-07-09 11:10:10,856] - INFO: -----开始执行用例：批量修改、批量启动设备-----
[2020-07-09 11:10:19,947] - INFO: 驱动app打开成功...
[2020-07-09 11:10:50,816] - INFO: 登录成功，进入首页...
[2020-07-09 11:10:50,817] - INFO: 验证批量修改设备
[2020-07-09 11:11:17,296] - INFO: ========测试完成========
[2020-07-09 11:11:55,352] - INFO: ========初始化测试环境========
[2020-07-09 11:11:55,552] - INFO: 获取设备系统版本号成功...
[2020-07-09 11:11:55,616] - INFO: 获取设备名成功...
[2020-07-09 11:11:55,867] - INFO: 获取被测apk包的appPackage、appActivity成功...
[2020-07-09 11:11:55,868] - INFO: 开始更新desired_caps中的app及手机参数...
[2020-07-09 11:11:55,882] - INFO: desired_caps更新完成...
[2020-07-09 11:11:55,888] - INFO: 检查merchant_20200707_1.6.1.apk应用是否已安装...
[2020-07-09 11:11:56,217] - INFO: 应用已安装...
[2020-07-09 11:11:56,960] - INFO: -----开始执行用例：批量修改、批量启动设备-----
[2020-07-09 11:12:06,934] - INFO: 驱动app打开成功...
[2020-07-09 11:12:37,060] - INFO: 登录成功，进入首页...
[2020-07-09 11:12:37,061] - INFO: 验证批量修改设备
[2020-07-09 11:13:04,726] - INFO: ========测试完成========
[2020-07-09 11:13:09,083] - INFO: ========初始化测试环境========
[2020-07-09 11:13:09,301] - INFO: 获取设备系统版本号成功...
[2020-07-09 11:13:09,366] - INFO: 获取设备名成功...
[2020-07-09 11:13:09,452] - INFO: 获取被测apk包的appPackage、appActivity成功...
[2020-07-09 11:13:09,454] - INFO: 开始更新desired_caps中的app及手机参数...
[2020-07-09 11:13:09,465] - INFO: desired_caps更新完成...
[2020-07-09 11:13:09,470] - INFO: 检查merchant_20200707_1.6.1.apk应用是否已安装...
[2020-07-09 11:13:09,869] - INFO: 应用已安装...
[2020-07-09 11:13:10,526] - INFO: -----开始执行用例：批量修改、批量启动设备-----
[2020-07-09 11:13:19,345] - INFO: 驱动app打开成功...
[2020-07-09 11:13:49,588] - INFO: 登录成功，进入首页...
[2020-07-09 11:13:49,590] - INFO: 验证批量修改设备
[2020-07-09 11:14:14,635] - INFO: ========测试完成========
[2020-07-09 14:29:54,851] - INFO: ========初始化测试环境========
[2020-07-09 14:29:55,075] - INFO: 获取设备系统版本号成功...
[2020-07-09 14:29:55,131] - INFO: 获取设备名成功...
[2020-07-09 14:29:55,358] - INFO: 获取被测apk包的appPackage、appActivity成功...
[2020-07-09 14:29:55,358] - INFO: 开始更新desired_caps中的app及手机参数...
[2020-07-09 14:29:55,370] - INFO: desired_caps更新完成...
[2020-07-09 14:29:55,376] - INFO: 检查merchant_20200707_1.6.1.apk应用是否已安装...
[2020-07-09 14:29:56,252] - INFO: 应用已安装...
[2020-07-09 14:29:57,217] - INFO: -----开始执行用例：批量修改、批量启动设备-----
[2020-07-09 14:30:12,424] - INFO: 驱动app打开成功...
[2020-07-09 14:31:04,664] - ERROR: 初始化登录失败，终止自动化程序！！！
[2020-07-09 14:31:04,674] - INFO: 验证批量启动设备
[2020-07-09 14:31:36,446] - ERROR: 获取可视元素失败：Message: 

[2020-07-09 14:31:37,059] - INFO: ========测试完成========
[2020-07-09 14:33:31,215] - INFO: ========初始化测试环境========
[2020-07-09 14:33:31,392] - INFO: 获取设备系统版本号成功...
[2020-07-09 14:33:31,448] - INFO: 获取设备名成功...
[2020-07-09 14:33:31,662] - INFO: 获取被测apk包的appPackage、appActivity成功...
[2020-07-09 14:33:31,662] - INFO: 开始更新desired_caps中的app及手机参数...
[2020-07-09 14:33:31,677] - INFO: desired_caps更新完成...
[2020-07-09 14:33:31,682] - INFO: 检查merchant_20200707_1.6.1.apk应用是否已安装...
[2020-07-09 14:33:31,984] - INFO: 应用已安装...
[2020-07-09 14:33:32,892] - INFO: -----开始执行用例：批量修改、批量启动设备-----
[2020-07-09 14:33:45,059] - INFO: 驱动app打开成功...
[2020-07-09 14:34:15,870] - INFO: 登录成功，进入首页...
[2020-07-09 14:34:15,875] - INFO: 验证批量启动设备
[2020-07-09 14:34:53,219] - ERROR: 获取可视元素失败：Message: 

[2020-07-09 14:34:53,769] - INFO: ========测试完成========
[2020-07-09 14:37:17,223] - INFO: ========初始化测试环境========
[2020-07-09 14:37:17,364] - INFO: 获取设备系统版本号成功...
[2020-07-09 14:37:17,419] - INFO: 获取设备名成功...
[2020-07-09 14:37:17,489] - INFO: 获取被测apk包的appPackage、appActivity成功...
[2020-07-09 14:37:17,489] - INFO: 开始更新desired_caps中的app及手机参数...
[2020-07-09 14:37:17,500] - INFO: desired_caps更新完成...
[2020-07-09 14:37:17,506] - INFO: 检查merchant_20200707_1.6.1.apk应用是否已安装...
[2020-07-09 14:37:17,844] - INFO: 应用已安装...
[2020-07-09 14:37:18,366] - INFO: -----开始执行用例：批量修改、批量启动设备-----
[2020-07-09 14:37:29,312] - INFO: 驱动app打开成功...
[2020-07-09 14:37:59,487] - INFO: 登录成功，进入首页...
[2020-07-09 14:37:59,492] - INFO: 验证批量启动设备
[2020-07-09 14:38:27,380] - ERROR: 获取可视元素失败：Message: 

[2020-07-09 14:38:28,375] - INFO: ========测试完成========
[2020-07-09 14:38:36,756] - INFO: ========初始化测试环境========
[2020-07-09 14:38:36,916] - INFO: 获取设备系统版本号成功...
[2020-07-09 14:38:36,971] - INFO: 获取设备名成功...
[2020-07-09 14:38:37,233] - INFO: 获取被测apk包的appPackage、appActivity成功...
[2020-07-09 14:38:37,233] - INFO: 开始更新desired_caps中的app及手机参数...
[2020-07-09 14:38:37,259] - INFO: desired_caps更新完成...
[2020-07-09 14:38:37,265] - INFO: 检查merchant_20200707_1.6.1.apk应用是否已安装...
[2020-07-09 14:38:37,575] - INFO: 应用已安装...
[2020-07-09 14:38:38,080] - INFO: -----开始执行用例：批量修改、批量启动设备-----
[2020-07-09 14:38:47,703] - INFO: 驱动app打开成功...
[2020-07-09 14:39:18,030] - INFO: 登录成功，进入首页...
[2020-07-09 14:39:18,036] - INFO: 验证批量启动设备
[2020-07-09 14:40:01,513] - ERROR: 获取可视元素失败：Message: 

[2020-07-09 14:40:02,190] - INFO: ========测试完成========
[2020-07-09 14:40:50,788] - INFO: ========初始化测试环境========
[2020-07-09 14:40:50,942] - INFO: 获取设备系统版本号成功...
[2020-07-09 14:40:50,997] - INFO: 获取设备名成功...
[2020-07-09 14:40:51,064] - INFO: 获取被测apk包的appPackage、appActivity成功...
[2020-07-09 14:40:51,065] - INFO: 开始更新desired_caps中的app及手机参数...
[2020-07-09 14:40:51,075] - INFO: desired_caps更新完成...
[2020-07-09 14:40:51,081] - INFO: 检查merchant_20200707_1.6.1.apk应用是否已安装...
[2020-07-09 14:40:51,364] - INFO: 应用已安装...
[2020-07-09 14:40:51,873] - INFO: -----开始执行用例：批量修改、批量启动设备-----
[2020-07-09 14:41:01,670] - INFO: 驱动app打开成功...
[2020-07-09 14:41:32,255] - INFO: 登录成功，进入首页...
[2020-07-09 14:41:32,259] - INFO: 验证批量启动设备
[2020-07-09 14:42:13,521] - ERROR: 获取可视元素失败：Message: 

[2020-07-09 14:42:13,997] - INFO: ========测试完成========
[2020-07-09 14:42:41,730] - INFO: ========初始化测试环境========
[2020-07-09 14:42:41,911] - INFO: 获取设备系统版本号成功...
[2020-07-09 14:42:41,967] - INFO: 获取设备名成功...
[2020-07-09 14:42:42,042] - INFO: 获取被测apk包的appPackage、appActivity成功...
[2020-07-09 14:42:42,043] - INFO: 开始更新desired_caps中的app及手机参数...
[2020-07-09 14:42:42,054] - INFO: desired_caps更新完成...
[2020-07-09 14:42:42,059] - INFO: 检查merchant_20200707_1.6.1.apk应用是否已安装...
[2020-07-09 14:42:42,954] - INFO: 应用已安装...
[2020-07-09 14:42:43,495] - INFO: -----开始执行用例：批量修改、批量启动设备-----
[2020-07-09 14:42:52,367] - INFO: 驱动app打开成功...
[2020-07-09 14:43:23,414] - INFO: 登录成功，进入首页...
[2020-07-09 14:43:23,419] - INFO: 验证批量启动设备
[2020-07-09 14:43:58,827] - ERROR: 获取可视元素失败：Message: 

[2020-07-09 14:43:59,192] - INFO: ========测试完成========
[2020-07-09 16:30:06,085] - INFO: ========初始化测试环境========
[2020-07-09 16:30:06,296] - INFO: 获取设备系统版本号成功...
[2020-07-09 16:30:06,343] - INFO: 获取设备名成功...
[2020-07-09 16:30:06,641] - INFO: 获取被测apk包的appPackage、appActivity成功...
[2020-07-09 16:30:06,643] - INFO: 开始更新desired_caps中的app及手机参数...
[2020-07-09 16:30:06,676] - INFO: desired_caps更新完成...
[2020-07-09 16:30:06,688] - INFO: 检查merchant_20200707_1.6.1.apk应用是否已安装...
[2020-07-09 16:30:07,014] - INFO: 应用已安装...
[2020-07-09 16:30:07,903] - INFO: -----开始执行用例：批量修改、批量启动设备-----
[2020-07-09 16:30:18,461] - INFO: 驱动app打开成功...
[2020-07-09 16:30:49,752] - INFO: 登录成功，进入首页...
[2020-07-09 16:30:49,763] - INFO: 验证批量启动设备
[2020-07-09 16:31:26,289] - ERROR: 获取可视元素失败：Message: 

[2020-07-09 16:31:27,023] - INFO: ========测试完成========
[2020-07-09 16:32:37,024] - INFO: ========初始化测试环境========
[2020-07-09 16:32:37,204] - INFO: 获取设备系统版本号成功...
[2020-07-09 16:32:37,269] - INFO: 获取设备名成功...
[2020-07-09 16:32:37,343] - INFO: 获取被测apk包的appPackage、appActivity成功...
[2020-07-09 16:32:37,343] - INFO: 开始更新desired_caps中的app及手机参数...
[2020-07-09 16:32:37,356] - INFO: desired_caps更新完成...
[2020-07-09 16:32:37,363] - INFO: 检查merchant_20200707_1.6.1.apk应用是否已安装...
[2020-07-09 16:32:37,708] - INFO: 应用已安装...
[2020-07-09 16:32:38,371] - INFO: -----开始执行用例：批量修改、批量启动设备-----
[2020-07-09 16:32:48,161] - INFO: 驱动app打开成功...
[2020-07-09 16:33:18,511] - INFO: 登录成功，进入首页...
[2020-07-09 16:33:18,516] - INFO: 验证批量启动设备
[2020-07-09 16:33:37,457] - INFO: ========测试完成========
[2020-07-09 16:37:00,532] - INFO: ========初始化测试环境========
[2020-07-09 16:37:00,696] - INFO: 获取设备系统版本号成功...
[2020-07-09 16:37:00,756] - INFO: 获取设备名成功...
[2020-07-09 16:37:00,827] - INFO: 获取被测apk包的appPackage、appActivity成功...
[2020-07-09 16:37:00,828] - INFO: 开始更新desired_caps中的app及手机参数...
[2020-07-09 16:37:00,839] - INFO: desired_caps更新完成...
[2020-07-09 16:37:00,845] - INFO: 检查merchant_20200707_1.6.1.apk应用是否已安装...
[2020-07-09 16:37:01,210] - INFO: 应用已安装...
[2020-07-09 16:37:01,767] - INFO: -----开始执行用例：批量修改、批量启动设备-----
[2020-07-09 16:37:10,531] - INFO: 驱动app打开成功...
[2020-07-09 16:37:42,712] - INFO: 登录成功，进入首页...
[2020-07-09 16:37:42,718] - INFO: 验证批量启动设备
[2020-07-09 16:38:16,447] - INFO: ========测试完成========
[2020-07-09 16:47:44,702] - INFO: ========初始化测试环境========
[2020-07-09 16:47:44,846] - INFO: 获取设备系统版本号成功...
[2020-07-09 16:47:44,899] - INFO: 获取设备名成功...
[2020-07-09 16:47:44,967] - INFO: 获取被测apk包的appPackage、appActivity成功...
[2020-07-09 16:47:44,967] - INFO: 开始更新desired_caps中的app及手机参数...
[2020-07-09 16:47:44,978] - INFO: desired_caps更新完成...
[2020-07-09 16:47:44,983] - INFO: 检查merchant_20200707_1.6.1.apk应用是否已安装...
[2020-07-09 16:47:45,288] - INFO: 应用已安装...
[2020-07-09 16:47:45,868] - INFO: -----开始执行用例：批量修改、批量启动设备-----
[2020-07-09 16:47:54,405] - INFO: 驱动app打开成功...
[2020-07-09 16:48:26,423] - INFO: 登录成功，进入首页...
[2020-07-09 16:48:26,424] - INFO: 验证批量修改设备
[2020-07-09 16:48:51,899] - INFO: 验证批量启动设备
[2020-07-09 16:49:05,513] - INFO: ========测试完成========
